  Source.cpp
c:\users\тимофей\desktop\bmstu\7 семестр\параллельное программирование\1\проект1\проект1\matr.h(16): warning C4018: <: несоответствие типов со знаком и без знака
c:\users\тимофей\desktop\bmstu\7 семестр\параллельное программирование\1\проект1\проект1\matr.h(19): warning C4018: <: несоответствие типов со знаком и без знака
c:\users\тимофей\desktop\bmstu\7 семестр\параллельное программирование\1\проект1\проект1\matr.h(30): warning C4018: <: несоответствие типов со знаком и без знака
c:\users\тимофей\desktop\bmstu\7 семестр\параллельное программирование\1\проект1\проект1\matr.h(33): warning C4018: <: несоответствие типов со знаком и без знака
c:\users\тимофей\desktop\bmstu\7 семестр\параллельное программирование\1\проект1\проект1\matr.h(45): warning C4018: <: несоответствие типов со знаком и без знака
c:\users\тимофей\desktop\bmstu\7 семестр\параллельное программирование\1\проект1\проект1\matr.h(47): warning C4018: <: несоответствие типов со знаком и без знака
c:\users\тимофей\desktop\bmstu\7 семестр\параллельное программирование\1\проект1\проект1\matr.h(61): warning C4018: <: несоответствие типов со знаком и без знака
c:\users\тимофей\desktop\bmstu\7 семестр\параллельное программирование\1\проект1\проект1\matr.h(63): warning C4018: <: несоответствие типов со знаком и без знака
c:\users\тимофей\desktop\bmstu\7 семестр\параллельное программирование\1\проект1\проект1\matr.h(80): warning C4018: <: несоответствие типов со знаком и без знака
c:\users\тимофей\desktop\bmstu\7 семестр\параллельное программирование\1\проект1\проект1\matr.h(82): warning C4018: <: несоответствие типов со знаком и без знака
c:\users\тимофей\desktop\bmstu\7 семестр\параллельное программирование\1\проект1\проект1\matr.h(95): warning C4018: <: несоответствие типов со знаком и без знака
c:\users\тимофей\desktop\bmstu\7 семестр\параллельное программирование\1\проект1\проект1\matr.h(98): warning C4018: <: несоответствие типов со знаком и без знака
c:\users\тимофей\desktop\bmstu\7 семестр\параллельное программирование\1\проект1\проект1\matr.h(108): warning C4018: <: несоответствие типов со знаком и без знака
c:\users\тимофей\desktop\bmstu\7 семестр\параллельное программирование\1\проект1\проект1\matr.h(110): warning C4018: <: несоответствие типов со знаком и без знака
c:\users\тимофей\desktop\bmstu\7 семестр\параллельное программирование\1\проект1\проект1\matr.h(119): warning C4018: <: несоответствие типов со знаком и без знака
c:\users\тимофей\desktop\bmstu\7 семестр\параллельное программирование\1\проект1\проект1\matr.h(129): warning C4018: <: несоответствие типов со знаком и без знака
c:\users\тимофей\desktop\bmstu\7 семестр\параллельное программирование\1\проект1\проект1\matr.h(132): warning C4018: <: несоответствие типов со знаком и без знака
c:\users\тимофей\desktop\bmstu\7 семестр\параллельное программирование\1\проект1\проект1\matr.h(144): warning C4018: <: несоответствие типов со знаком и без знака
c:\users\тимофей\desktop\bmstu\7 семестр\параллельное программирование\1\проект1\проект1\matr.h(146): warning C4018: <: несоответствие типов со знаком и без знака
c:\users\тимофей\desktop\bmstu\7 семестр\параллельное программирование\1\проект1\проект1\source.cpp(45): warning C4101: t: неиспользованная локальная переменная
  Проект1.vcxproj -> C:\Users\тимофей\Desktop\BMSTU\7 семестр\Параллельное программирование\1\Проект1\Debug\Проект1.exe
  Проект1.vcxproj -> C:\Users\тимофей\Desktop\BMSTU\7 семестр\Параллельное программирование\1\Проект1\Debug\Проект1.pdb (Partial PDB)
