  Source.cpp
c:\users\тимофей\desktop\bmstu\6 семестр\методы вычислений\лабы\лаба 2\program\проект1\проект1\source.cpp(122): warning C4244: инициализация: преобразование "mytipe" в "int", возможна потеря данных
c:\users\тимофей\desktop\bmstu\6 семестр\методы вычислений\лабы\лаба 2\program\проект1\проект1\source.cpp(123): warning C4244: инициализация: преобразование "mytipe" в "int", возможна потеря данных
c:\users\тимофей\desktop\bmstu\6 семестр\методы вычислений\лабы\лаба 2\program\проект1\проект1\source.cpp(242): warning C4018: <: несоответствие типов со знаком и без знака
c:\users\тимофей\desktop\bmstu\6 семестр\методы вычислений\лабы\лаба 2\program\проект1\проект1\source.cpp(268): warning C4018: <: несоответствие типов со знаком и без знака
c:\users\тимофей\desktop\bmstu\6 семестр\методы вычислений\лабы\лаба 2\program\проект1\проект1\source.cpp(278): warning C4018: <=: несоответствие типов со знаком и без знака
c:\users\тимофей\desktop\bmstu\6 семестр\методы вычислений\лабы\лаба 2\program\проект1\проект1\source.cpp(281): warning C4018: <: несоответствие типов со знаком и без знака
c:\users\тимофей\desktop\bmstu\6 семестр\методы вычислений\лабы\лаба 2\program\проект1\проект1\source.cpp(296): warning C4018: <: несоответствие типов со знаком и без знака
c:\users\тимофей\desktop\bmstu\6 семестр\методы вычислений\лабы\лаба 2\program\проект1\проект1\source.cpp(323): warning C4018: <: несоответствие типов со знаком и без знака
c:\users\тимофей\desktop\bmstu\6 семестр\методы вычислений\лабы\лаба 2\program\проект1\проект1\source.cpp(350): warning C4018: <: несоответствие типов со знаком и без знака
c:\users\тимофей\desktop\bmstu\6 семестр\методы вычислений\лабы\лаба 2\program\проект1\проект1\source.cpp(365): warning C4018: <: несоответствие типов со знаком и без знака
c:\users\тимофей\desktop\bmstu\6 семестр\методы вычислений\лабы\лаба 2\program\проект1\проект1\source.cpp(380): warning C4018: <: несоответствие типов со знаком и без знака
c:\users\тимофей\desktop\bmstu\6 семестр\методы вычислений\лабы\лаба 2\program\проект1\проект1\source.cpp(419): warning C4101: mu: неиспользованная локальная переменная
c:\users\тимофей\desktop\bmstu\6 семестр\методы вычислений\лабы\лаба 2\program\проект1\проект1\source.cpp(521): warning C4101: vspom1: неиспользованная локальная переменная
c:\users\тимофей\desktop\bmstu\6 семестр\методы вычислений\лабы\лаба 2\program\проект1\проект1\source.cpp(592): warning C4101: vspom1: неиспользованная локальная переменная
c:\users\тимофей\desktop\bmstu\6 семестр\методы вычислений\лабы\лаба 2\program\проект1\проект1\source.cpp(675): warning C4101: mu: неиспользованная локальная переменная
c:\users\тимофей\desktop\bmstu\6 семестр\методы вычислений\лабы\лаба 2\program\проект1\проект1\source.cpp(675): warning C4101: vspom1: неиспользованная локальная переменная
c:\users\тимофей\desktop\bmstu\6 семестр\методы вычислений\лабы\лаба 2\program\проект1\проект1\source.cpp(675): warning C4101: kappa: неиспользованная локальная переменная
c:\users\тимофей\desktop\bmstu\6 семестр\методы вычислений\лабы\лаба 2\program\проект1\проект1\source.cpp(789): warning C4018: <: несоответствие типов со знаком и без знака
c:\users\тимофей\desktop\bmstu\6 семестр\методы вычислений\лабы\лаба 2\program\проект1\проект1\source.cpp(792): warning C4018: <: несоответствие типов со знаком и без знака
c:\users\тимофей\desktop\bmstu\6 семестр\методы вычислений\лабы\лаба 2\program\проект1\проект1\source.cpp(803): warning C4018: <: несоответствие типов со знаком и без знака
c:\users\тимофей\desktop\bmstu\6 семестр\методы вычислений\лабы\лаба 2\program\проект1\проект1\source.cpp(812): warning C4018: <: несоответствие типов со знаком и без знака
c:\users\тимофей\desktop\bmstu\6 семестр\методы вычислений\лабы\лаба 2\program\проект1\проект1\source.cpp(821): warning C4018: <: несоответствие типов со знаком и без знака
c:\users\тимофей\desktop\bmstu\6 семестр\методы вычислений\лабы\лаба 2\program\проект1\проект1\source.cpp(833): warning C4018: <: несоответствие типов со знаком и без знака
c:\users\тимофей\desktop\bmstu\6 семестр\методы вычислений\лабы\лаба 2\program\проект1\проект1\source.cpp(828): warning C4715: norm: значение возвращается не при всех путях выполнения
  Проект1.vcxproj -> C:\Users\тимофей\Desktop\BMSTU\6 семестр\Методы вычислений\лабы\лаба 2\program\Проект1\Debug\Проект1.exe
  Проект1.vcxproj -> C:\Users\тимофей\Desktop\BMSTU\6 семестр\Методы вычислений\лабы\лаба 2\program\Проект1\Debug\Проект1.pdb (Partial PDB)
