  Source.cpp
c:\users\тимофей\desktop\бамонка\5 семестр\методы вычислений\мет вычи лабы\лаба 2\проект1\проект1\source.cpp(62): warning C4018: <: несоответствие типов со знаком и без знака
c:\users\тимофей\desktop\бамонка\5 семестр\методы вычислений\мет вычи лабы\лаба 2\проект1\проект1\source.cpp(70): warning C4018: <: несоответствие типов со знаком и без знака
c:\users\тимофей\desktop\бамонка\5 семестр\методы вычислений\мет вычи лабы\лаба 2\проект1\проект1\source.cpp(72): warning C4018: <: несоответствие типов со знаком и без знака
c:\users\тимофей\desktop\бамонка\5 семестр\методы вычислений\мет вычи лабы\лаба 2\проект1\проект1\source.cpp(99): warning C4018: <: несоответствие типов со знаком и без знака
c:\users\тимофей\desktop\бамонка\5 семестр\методы вычислений\мет вычи лабы\лаба 2\проект1\проект1\source.cpp(109): warning C4018: <: несоответствие типов со знаком и без знака
c:\users\тимофей\desktop\бамонка\5 семестр\методы вычислений\мет вычи лабы\лаба 2\проект1\проект1\source.cpp(117): warning C4018: <: несоответствие типов со знаком и без знака
c:\users\тимофей\desktop\бамонка\5 семестр\методы вычислений\мет вычи лабы\лаба 2\проект1\проект1\source.cpp(125): warning C4018: <: несоответствие типов со знаком и без знака
c:\users\тимофей\desktop\бамонка\5 семестр\методы вычислений\мет вычи лабы\лаба 2\проект1\проект1\source.cpp(139): warning C4018: <: несоответствие типов со знаком и без знака
c:\users\тимофей\desktop\бамонка\5 семестр\методы вычислений\мет вычи лабы\лаба 2\проект1\проект1\source.cpp(153): warning C4018: <: несоответствие типов со знаком и без знака
c:\users\тимофей\desktop\бамонка\5 семестр\методы вычислений\мет вычи лабы\лаба 2\проект1\проект1\source.cpp(155): warning C4018: <: несоответствие типов со знаком и без знака
c:\users\тимофей\desktop\бамонка\5 семестр\методы вычислений\мет вычи лабы\лаба 2\проект1\проект1\source.cpp(167): warning C4018: <: несоответствие типов со знаком и без знака
c:\users\тимофей\desktop\бамонка\5 семестр\методы вычислений\мет вычи лабы\лаба 2\проект1\проект1\source.cpp(169): warning C4018: <: несоответствие типов со знаком и без знака
c:\users\тимофей\desktop\бамонка\5 семестр\методы вычислений\мет вычи лабы\лаба 2\проект1\проект1\source.cpp(181): warning C4018: <: несоответствие типов со знаком и без знака
c:\users\тимофей\desktop\бамонка\5 семестр\методы вычислений\мет вычи лабы\лаба 2\проект1\проект1\source.cpp(184): warning C4018: <: несоответствие типов со знаком и без знака
c:\users\тимофей\desktop\бамонка\5 семестр\методы вычислений\мет вычи лабы\лаба 2\проект1\проект1\source.cpp(198): warning C4018: <: несоответствие типов со знаком и без знака
c:\users\тимофей\desktop\бамонка\5 семестр\методы вычислений\мет вычи лабы\лаба 2\проект1\проект1\source.cpp(201): warning C4018: <: несоответствие типов со знаком и без знака
c:\users\тимофей\desktop\бамонка\5 семестр\методы вычислений\мет вычи лабы\лаба 2\проект1\проект1\source.cpp(218): warning C4018: <: несоответствие типов со знаком и без знака
c:\users\тимофей\desktop\бамонка\5 семестр\методы вычислений\мет вычи лабы\лаба 2\проект1\проект1\source.cpp(220): warning C4018: <: несоответствие типов со знаком и без знака
c:\users\тимофей\desktop\бамонка\5 семестр\методы вычислений\мет вычи лабы\лаба 2\проект1\проект1\source.cpp(229): warning C4018: <: несоответствие типов со знаком и без знака
c:\users\тимофей\desktop\бамонка\5 семестр\методы вычислений\мет вычи лабы\лаба 2\проект1\проект1\source.cpp(239): warning C4018: <: несоответствие типов со знаком и без знака
c:\users\тимофей\desktop\бамонка\5 семестр\методы вычислений\мет вычи лабы\лаба 2\проект1\проект1\source.cpp(242): warning C4018: <: несоответствие типов со знаком и без знака
c:\users\тимофей\desktop\бамонка\5 семестр\методы вычислений\мет вычи лабы\лаба 2\проект1\проект1\source.cpp(256): warning C4018: <: несоответствие типов со знаком и без знака
c:\users\тимофей\desktop\бамонка\5 семестр\методы вычислений\мет вычи лабы\лаба 2\проект1\проект1\source.cpp(261): warning C4018: <: несоответствие типов со знаком и без знака
c:\users\тимофей\desktop\бамонка\5 семестр\методы вычислений\мет вычи лабы\лаба 2\проект1\проект1\source.cpp(262): warning C4018: <: несоответствие типов со знаком и без знака
c:\users\тимофей\desktop\бамонка\5 семестр\методы вычислений\мет вычи лабы\лаба 2\проект1\проект1\source.cpp(264): warning C4018: <: несоответствие типов со знаком и без знака
c:\users\тимофей\desktop\бамонка\5 семестр\методы вычислений\мет вычи лабы\лаба 2\проект1\проект1\source.cpp(273): warning C4018: <: несоответствие типов со знаком и без знака
c:\users\тимофей\desktop\бамонка\5 семестр\методы вычислений\мет вычи лабы\лаба 2\проект1\проект1\source.cpp(281): warning C4018: <: несоответствие типов со знаком и без знака
c:\users\тимофей\desktop\бамонка\5 семестр\методы вычислений\мет вычи лабы\лаба 2\проект1\проект1\source.cpp(282): warning C4018: <: несоответствие типов со знаком и без знака
c:\users\тимофей\desktop\бамонка\5 семестр\методы вычислений\мет вычи лабы\лаба 2\проект1\проект1\source.cpp(284): warning C4018: <: несоответствие типов со знаком и без знака
c:\users\тимофей\desktop\бамонка\5 семестр\методы вычислений\мет вычи лабы\лаба 2\проект1\проект1\source.cpp(293): warning C4018: <: несоответствие типов со знаком и без знака
c:\users\тимофей\desktop\бамонка\5 семестр\методы вычислений\мет вычи лабы\лаба 2\проект1\проект1\source.cpp(295): warning C4018: <: несоответствие типов со знаком и без знака
c:\users\тимофей\desktop\бамонка\5 семестр\методы вычислений\мет вычи лабы\лаба 2\проект1\проект1\source.cpp(303): warning C4018: <: несоответствие типов со знаком и без знака
c:\users\тимофей\desktop\бамонка\5 семестр\методы вычислений\мет вычи лабы\лаба 2\проект1\проект1\source.cpp(304): warning C4018: <: несоответствие типов со знаком и без знака
c:\users\тимофей\desktop\бамонка\5 семестр\методы вычислений\мет вычи лабы\лаба 2\проект1\проект1\source.cpp(312): warning C4018: <: несоответствие типов со знаком и без знака
c:\users\тимофей\desktop\бамонка\5 семестр\методы вычислений\мет вычи лабы\лаба 2\проект1\проект1\source.cpp(319): warning C4018: <: несоответствие типов со знаком и без знака
c:\users\тимофей\desktop\бамонка\5 семестр\методы вычислений\мет вычи лабы\лаба 2\проект1\проект1\source.cpp(326): warning C4018: <: несоответствие типов со знаком и без знака
c:\users\тимофей\desktop\бамонка\5 семестр\методы вычислений\мет вычи лабы\лаба 2\проект1\проект1\source.cpp(327): warning C4018: <: несоответствие типов со знаком и без знака
c:\users\тимофей\desktop\бамонка\5 семестр\методы вычислений\мет вычи лабы\лаба 2\проект1\проект1\source.cpp(339): warning C4018: <: несоответствие типов со знаком и без знака
c:\users\тимофей\desktop\бамонка\5 семестр\методы вычислений\мет вычи лабы\лаба 2\проект1\проект1\source.cpp(342): warning C4018: <: несоответствие типов со знаком и без знака
c:\users\тимофей\desktop\бамонка\5 семестр\методы вычислений\мет вычи лабы\лаба 2\проект1\проект1\source.cpp(353): warning C4018: <: несоответствие типов со знаком и без знака
c:\users\тимофей\desktop\бамонка\5 семестр\методы вычислений\мет вычи лабы\лаба 2\проект1\проект1\source.cpp(356): warning C4018: <: несоответствие типов со знаком и без знака
c:\users\тимофей\desktop\бамонка\5 семестр\методы вычислений\мет вычи лабы\лаба 2\проект1\проект1\source.cpp(368): warning C4018: <: несоответствие типов со знаком и без знака
c:\users\тимофей\desktop\бамонка\5 семестр\методы вычислений\мет вычи лабы\лаба 2\проект1\проект1\source.cpp(370): warning C4018: <: несоответствие типов со знаком и без знака
c:\users\тимофей\desktop\бамонка\5 семестр\методы вычислений\мет вычи лабы\лаба 2\проект1\проект1\source.cpp(382): warning C4018: <: несоответствие типов со знаком и без знака
c:\users\тимофей\desktop\бамонка\5 семестр\методы вычислений\мет вычи лабы\лаба 2\проект1\проект1\source.cpp(384): warning C4018: <: несоответствие типов со знаком и без знака
c:\users\тимофей\desktop\бамонка\5 семестр\методы вычислений\мет вычи лабы\лаба 2\проект1\проект1\source.cpp(399): warning C4018: <: несоответствие типов со знаком и без знака
c:\users\тимофей\desktop\бамонка\5 семестр\методы вычислений\мет вычи лабы\лаба 2\проект1\проект1\source.cpp(408): warning C4018: <: несоответствие типов со знаком и без знака
c:\users\тимофей\desktop\бамонка\5 семестр\методы вычислений\мет вычи лабы\лаба 2\проект1\проект1\source.cpp(417): warning C4018: <: несоответствие типов со знаком и без знака
c:\users\тимофей\desktop\бамонка\5 семестр\методы вычислений\мет вычи лабы\лаба 2\проект1\проект1\source.cpp(429): warning C4018: <: несоответствие типов со знаком и без знака
c:\users\тимофей\desktop\бамонка\5 семестр\методы вычислений\мет вычи лабы\лаба 2\проект1\проект1\source.cpp(431): warning C4018: <: несоответствие типов со знаком и без знака
c:\users\тимофей\desktop\бамонка\5 семестр\методы вычислений\мет вычи лабы\лаба 2\проект1\проект1\source.cpp(444): warning C4018: <: несоответствие типов со знаком и без знака
c:\users\тимофей\desktop\бамонка\5 семестр\методы вычислений\мет вычи лабы\лаба 2\проект1\проект1\source.cpp(447): warning C4018: <: несоответствие типов со знаком и без знака
c:\users\тимофей\desktop\бамонка\5 семестр\методы вычислений\мет вычи лабы\лаба 2\проект1\проект1\source.cpp(460): warning C4018: <: несоответствие типов со знаком и без знака
c:\users\тимофей\desktop\бамонка\5 семестр\методы вычислений\мет вычи лабы\лаба 2\проект1\проект1\source.cpp(466): warning C4018: <: несоответствие типов со знаком и без знака
c:\users\тимофей\desktop\бамонка\5 семестр\методы вычислений\мет вычи лабы\лаба 2\проект1\проект1\source.cpp(468): warning C4018: <: несоответствие типов со знаком и без знака
c:\users\тимофей\desktop\бамонка\5 семестр\методы вычислений\мет вычи лабы\лаба 2\проект1\проект1\source.cpp(486): warning C4018: <: несоответствие типов со знаком и без знака
c:\users\тимофей\desktop\бамонка\5 семестр\методы вычислений\мет вычи лабы\лаба 2\проект1\проект1\source.cpp(500): warning C4018: <: несоответствие типов со знаком и без знака
c:\users\тимофей\desktop\бамонка\5 семестр\методы вычислений\мет вычи лабы\лаба 2\проект1\проект1\source.cpp(507): warning C4018: <: несоответствие типов со знаком и без знака
c:\users\тимофей\desktop\бамонка\5 семестр\методы вычислений\мет вычи лабы\лаба 2\проект1\проект1\source.cpp(509): warning C4018: <: несоответствие типов со знаком и без знака
c:\users\тимофей\desktop\бамонка\5 семестр\методы вычислений\мет вычи лабы\лаба 2\проект1\проект1\source.cpp(515): warning C4018: <: несоответствие типов со знаком и без знака
c:\users\тимофей\desktop\бамонка\5 семестр\методы вычислений\мет вычи лабы\лаба 2\проект1\проект1\source.cpp(529): warning C4018: <: несоответствие типов со знаком и без знака
c:\users\тимофей\desktop\бамонка\5 семестр\методы вычислений\мет вычи лабы\лаба 2\проект1\проект1\source.cpp(543): warning C4018: <: несоответствие типов со знаком и без знака
c:\users\тимофей\desktop\бамонка\5 семестр\методы вычислений\мет вычи лабы\лаба 2\проект1\проект1\source.cpp(548): warning C4018: <: несоответствие типов со знаком и без знака
c:\users\тимофей\desktop\бамонка\5 семестр\методы вычислений\мет вычи лабы\лаба 2\проект1\проект1\source.cpp(550): warning C4018: <: несоответствие типов со знаком и без знака
c:\users\тимофей\desktop\бамонка\5 семестр\методы вычислений\мет вычи лабы\лаба 2\проект1\проект1\source.cpp(563): warning C4018: <: несоответствие типов со знаком и без знака
c:\users\тимофей\desktop\бамонка\5 семестр\методы вычислений\мет вычи лабы\лаба 2\проект1\проект1\source.cpp(564): warning C4018: <: несоответствие типов со знаком и без знака
c:\users\тимофей\desktop\бамонка\5 семестр\методы вычислений\мет вычи лабы\лаба 2\проект1\проект1\source.cpp(572): warning C4018: <: несоответствие типов со знаком и без знака
c:\users\тимофей\desktop\бамонка\5 семестр\методы вычислений\мет вычи лабы\лаба 2\проект1\проект1\source.cpp(588): warning C4018: <: несоответствие типов со знаком и без знака
c:\users\тимофей\desktop\бамонка\5 семестр\методы вычислений\мет вычи лабы\лаба 2\проект1\проект1\source.cpp(602): warning C4018: <: несоответствие типов со знаком и без знака
c:\users\тимофей\desktop\бамонка\5 семестр\методы вычислений\мет вычи лабы\лаба 2\проект1\проект1\source.cpp(606): warning C4018: <: несоответствие типов со знаком и без знака
c:\users\тимофей\desktop\бамонка\5 семестр\методы вычислений\мет вычи лабы\лаба 2\проект1\проект1\source.cpp(608): warning C4018: <: несоответствие типов со знаком и без знака
c:\users\тимофей\desktop\бамонка\5 семестр\методы вычислений\мет вычи лабы\лаба 2\проект1\проект1\source.cpp(621): warning C4018: <: несоответствие типов со знаком и без знака
c:\users\тимофей\desktop\бамонка\5 семестр\методы вычислений\мет вычи лабы\лаба 2\проект1\проект1\source.cpp(622): warning C4018: <: несоответствие типов со знаком и без знака
c:\users\тимофей\desktop\бамонка\5 семестр\методы вычислений\мет вычи лабы\лаба 2\проект1\проект1\source.cpp(630): warning C4018: <: несоответствие типов со знаком и без знака
c:\users\тимофей\desktop\бамонка\5 семестр\методы вычислений\мет вычи лабы\лаба 2\проект1\проект1\source.cpp(648): warning C4018: <: несоответствие типов со знаком и без знака
c:\users\тимофей\desktop\бамонка\5 семестр\методы вычислений\мет вычи лабы\лаба 2\проект1\проект1\source.cpp(670): warning C4018: <: несоответствие типов со знаком и без знака
c:\users\тимофей\desktop\бамонка\5 семестр\методы вычислений\мет вычи лабы\лаба 2\проект1\проект1\source.cpp(673): warning C4018: <: несоответствие типов со знаком и без знака
c:\users\тимофей\desktop\бамонка\5 семестр\методы вычислений\мет вычи лабы\лаба 2\проект1\проект1\source.cpp(680): warning C4018: <: несоответствие типов со знаком и без знака
c:\users\тимофей\desktop\бамонка\5 семестр\методы вычислений\мет вычи лабы\лаба 2\проект1\проект1\source.cpp(682): warning C4018: <: несоответствие типов со знаком и без знака
c:\users\тимофей\desktop\бамонка\5 семестр\методы вычислений\мет вычи лабы\лаба 2\проект1\проект1\source.cpp(716): warning C4018: <: несоответствие типов со знаком и без знака
c:\users\тимофей\desktop\бамонка\5 семестр\методы вычислений\мет вычи лабы\лаба 2\проект1\проект1\source.cpp(719): warning C4018: <: несоответствие типов со знаком и без знака
c:\users\тимофей\desktop\бамонка\5 семестр\методы вычислений\мет вычи лабы\лаба 2\проект1\проект1\source.cpp(749): warning C4018: <: несоответствие типов со знаком и без знака
c:\users\тимофей\desktop\бамонка\5 семестр\методы вычислений\мет вычи лабы\лаба 2\проект1\проект1\source.cpp(752): warning C4018: <: несоответствие типов со знаком и без знака
c:\users\тимофей\desktop\бамонка\5 семестр\методы вычислений\мет вычи лабы\лаба 2\проект1\проект1\source.cpp(789): warning C4018: <: несоответствие типов со знаком и без знака
c:\users\тимофей\desktop\бамонка\5 семестр\методы вычислений\мет вычи лабы\лаба 2\проект1\проект1\source.cpp(791): warning C4018: <: несоответствие типов со знаком и без знака
c:\users\тимофей\desktop\бамонка\5 семестр\методы вычислений\мет вычи лабы\лаба 2\проект1\проект1\source.cpp(807): warning C4018: <: несоответствие типов со знаком и без знака
c:\users\тимофей\desktop\бамонка\5 семестр\методы вычислений\мет вычи лабы\лаба 2\проект1\проект1\source.cpp(841): warning C4018: <: несоответствие типов со знаком и без знака
c:\users\тимофей\desktop\бамонка\5 семестр\методы вычислений\мет вычи лабы\лаба 2\проект1\проект1\source.cpp(858): warning C4018: <: несоответствие типов со знаком и без знака
c:\users\тимофей\desktop\бамонка\5 семестр\методы вычислений\мет вычи лабы\лаба 2\проект1\проект1\source.cpp(861): warning C4018: <: несоответствие типов со знаком и без знака
c:\users\тимофей\desktop\бамонка\5 семестр\методы вычислений\мет вычи лабы\лаба 2\проект1\проект1\source.cpp(391): warning C4715: norm: значение возвращается не при всех путях выполнения
c:\users\тимофей\desktop\бамонка\5 семестр\методы вычислений\мет вычи лабы\лаба 2\проект1\проект1\source.cpp(424): warning C4715: norm: значение возвращается не при всех путях выполнения
  Проект1.vcxproj -> C:\Users\тимофей\Desktop\Бамонка\5 семестр\Методы вычислений\Мет Вычи лабы\лаба 2\Проект1\Debug\Проект1.exe
  Проект1.vcxproj -> C:\Users\тимофей\Desktop\Бамонка\5 семестр\Методы вычислений\Мет Вычи лабы\лаба 2\Проект1\Debug\Проект1.pdb (Partial PDB)
