  Source.cpp
c:\users\тимофей\desktop\bmstu\6 семестр\методы вычислений\лабы\лаба 3\проект1\проект1\source.cpp(40): warning C4244: инициализация: преобразование "double" в "int", возможна потеря данных
c:\users\тимофей\desktop\bmstu\6 семестр\методы вычислений\лабы\лаба 3\проект1\проект1\source.cpp(40): warning C4244: инициализация: преобразование "double" в "const int", возможна потеря данных
c:\users\тимофей\desktop\bmstu\6 семестр\методы вычислений\лабы\лаба 3\проект1\проект1\source.cpp(119): warning C4244: инициализация: преобразование "double" в "int", возможна потеря данных
c:\users\тимофей\desktop\bmstu\6 семестр\методы вычислений\лабы\лаба 3\проект1\проект1\source.cpp(119): warning C4244: инициализация: преобразование "double" в "const int", возможна потеря данных
c:\users\тимофей\desktop\bmstu\6 семестр\методы вычислений\лабы\лаба 3\проект1\проект1\source.cpp(129): warning C4244: инициализация: преобразование "double" в "int", возможна потеря данных
c:\users\тимофей\desktop\bmstu\6 семестр\методы вычислений\лабы\лаба 3\проект1\проект1\source.cpp(129): warning C4244: инициализация: преобразование "double" в "const int", возможна потеря данных
c:\users\тимофей\desktop\bmstu\6 семестр\методы вычислений\лабы\лаба 3\проект1\проект1\source.cpp(153): warning C4244: инициализация: преобразование "mytipe" в "int", возможна потеря данных
c:\users\тимофей\desktop\bmstu\6 семестр\методы вычислений\лабы\лаба 3\проект1\проект1\source.cpp(154): warning C4244: инициализация: преобразование "mytipe" в "int", возможна потеря данных
c:\users\тимофей\desktop\bmstu\6 семестр\методы вычислений\лабы\лаба 3\проект1\проект1\source.cpp(305): warning C4018: <: несоответствие типов со знаком и без знака
c:\users\тимофей\desktop\bmstu\6 семестр\методы вычислений\лабы\лаба 3\проект1\проект1\source.cpp(308): warning C4018: <: несоответствие типов со знаком и без знака
c:\users\тимофей\desktop\bmstu\6 семестр\методы вычислений\лабы\лаба 3\проект1\проект1\source.cpp(319): warning C4018: <: несоответствие типов со знаком и без знака
c:\users\тимофей\desktop\bmstu\6 семестр\методы вычислений\лабы\лаба 3\проект1\проект1\source.cpp(328): warning C4018: <: несоответствие типов со знаком и без знака
c:\users\тимофей\desktop\bmstu\6 семестр\методы вычислений\лабы\лаба 3\проект1\проект1\source.cpp(337): warning C4018: <: несоответствие типов со знаком и без знака
c:\users\тимофей\desktop\bmstu\6 семестр\методы вычислений\лабы\лаба 3\проект1\проект1\source.cpp(349): warning C4018: <: несоответствие типов со знаком и без знака
c:\users\тимофей\desktop\bmstu\6 семестр\методы вычислений\лабы\лаба 3\проект1\проект1\source.cpp(68): warning C4715: dux0: значение возвращается не при всех путях выполнения
c:\users\тимофей\desktop\bmstu\6 семестр\методы вычислений\лабы\лаба 3\проект1\проект1\source.cpp(57): warning C4715: ux0: значение возвращается не при всех путях выполнения
c:\users\тимофей\desktop\bmstu\6 семестр\методы вычислений\лабы\лаба 3\проект1\проект1\source.cpp(90): warning C4715: ddux0_a: значение возвращается не при всех путях выполнения
c:\users\тимофей\desktop\bmstu\6 семестр\методы вычислений\лабы\лаба 3\проект1\проект1\source.cpp(79): warning C4715: ddux0: значение возвращается не при всех путях выполнения
c:\users\тимофей\desktop\bmstu\6 семестр\методы вычислений\лабы\лаба 3\проект1\проект1\source.cpp(101): warning C4715: u_0t: значение возвращается не при всех путях выполнения
c:\users\тимофей\desktop\bmstu\6 семестр\методы вычислений\лабы\лаба 3\проект1\проект1\source.cpp(112): warning C4715: u_Lt: значение возвращается не при всех путях выполнения
c:\users\тимофей\desktop\bmstu\6 семестр\методы вычислений\лабы\лаба 3\проект1\проект1\source.cpp(141): warning C4715: real_sol: значение возвращается не при всех путях выполнения
c:\users\тимофей\desktop\bmstu\6 семестр\методы вычислений\лабы\лаба 3\проект1\проект1\source.cpp(344): warning C4715: norm: значение возвращается не при всех путях выполнения
  Проект1.vcxproj -> C:\Users\тимофей\Desktop\BMSTU\6 семестр\Методы вычислений\лабы\лаба 3\Проект1\Debug\Проект1.exe
  Проект1.vcxproj -> C:\Users\тимофей\Desktop\BMSTU\6 семестр\Методы вычислений\лабы\лаба 3\Проект1\Debug\Проект1.pdb (Partial PDB)
