This is pdfTeX, Version 3.14159265-2.6-1.40.17 (MiKTeX 2.9.6210 64-bit) (preloaded format=pdflatex 2017.2.19)  24 MAR 2018 21:47
entering extended mode
**./project_example_cp.tex
(project_example_cp.tex
LaTeX2e <2017/01/01> patch level 1
Babel <3.9r> and hyphenation patterns for 75 language(s) loaded.
("C:\Program Files\MiKTeX 2.9\tex\latex\base\article.cls"
Document Class: article 2014/09/29 v1.4h Standard LaTeX document class
("C:\Program Files\MiKTeX 2.9\tex\latex\base\size12.clo"
File: size12.clo 2014/09/29 v1.4h Standard LaTeX file (size option)
)
\c@part=\count79
\c@section=\count80
\c@subsection=\count81
\c@subsubsection=\count82
\c@paragraph=\count83
\c@subparagraph=\count84
\c@figure=\count85
\c@table=\count86
\abovecaptionskip=\skip41
\belowcaptionskip=\skip42
\bibindent=\dimen102
) ("C:\Program Files\MiKTeX 2.9\tex\latex\base\inputenc.sty"
Package: inputenc 2015/03/17 v1.2c Input encoding file
\inpenc@prehook=\toks14
\inpenc@posthook=\toks15

("C:\Program Files\MiKTeX 2.9\tex\latex\cyrillic\cp1251.def"
File: cp1251.def 2014/10/28 v1.0d Input encoding file
)) ("C:\Program Files\MiKTeX 2.9\tex\latex\base\fontenc.sty"
Package: fontenc 2017/01/24 v2.0c Standard LaTeX package
("C:\Program Files\MiKTeX 2.9\tex\latex\cyrillic\t2aenc.def"
File: t2aenc.def 2005/09/27 v1.0i Cyrillic encoding definition file
)
LaTeX Font Info:    Try loading font information for T2A+cmr on input line 105.
 ("C:\Program Files\MiKTeX 2.9\tex\latex\cyrillic\t2acmr.fd"
File: t2acmr.fd 2001/08/11 v1.0a Computer Modern Cyrillic font definitions
)) ("C:\Program Files\MiKTeX 2.9\tex\generic\babel\babel.sty"
Package: babel 2016/04/23 3.9r The Babel package

*************************************
* Local config file bblopts.cfg used
*
("C:\Program Files\MiKTeX 2.9\tex\latex\arabi\bblopts.cfg"
File: bblopts.cfg 2005/09/08 v0.1 add Arabic and Farsi to "declared" options of babel
)
("C:\Program Files\MiKTeX 2.9\tex\latex\babel-russian\russianb.ldf"
Language: russianb 2017/01/12 1.3i Russian support for the Babel system

("C:\Program Files\MiKTeX 2.9\tex\generic\babel\babel.def"
File: babel.def 2016/04/23 3.9r Babel common definitions
\babel@savecnt=\count87
\U@D=\dimen103
)
Package babel Info: Making " an active character on input line 111.
))
("C:\Program Files\MiKTeX 2.9\tex\latex\hyperref\hyperref.sty"
Package: hyperref 2016/06/24 v6.83q Hypertext links for LaTeX

("C:\Program Files\MiKTeX 2.9\tex\generic\oberdiek\hobsub-hyperref.sty"
Package: hobsub-hyperref 2016/05/16 v1.14 Bundle oberdiek, subset hyperref (HO)

("C:\Program Files\MiKTeX 2.9\tex\generic\oberdiek\hobsub-generic.sty"
Package: hobsub-generic 2016/05/16 v1.14 Bundle oberdiek, subset generic (HO)
Package: hobsub 2016/05/16 v1.14 Construct package bundles (HO)
Package: infwarerr 2016/05/16 v1.4 Providing info/warning/error messages (HO)
Package: ltxcmds 2016/05/16 v1.23 LaTeX kernel commands for general use (HO)
Package: ifluatex 2016/05/16 v1.4 Provides the ifluatex switch (HO)
Package ifluatex Info: LuaTeX not detected.
Package: ifvtex 2016/05/16 v1.6 Detect VTeX and its facilities (HO)
Package ifvtex Info: VTeX not detected.
Package: intcalc 2016/05/16 v1.2 Expandable calculations with integers (HO)
Package: ifpdf 2016/05/14 v3.1 Provides the ifpdf switch
Package: etexcmds 2016/05/16 v1.6 Avoid name clashes with e-TeX commands (HO)
Package etexcmds Info: Could not find \expanded.
(etexcmds)             That can mean that you are not using pdfTeX 1.50 or
(etexcmds)             that some package has redefined \expanded.
(etexcmds)             In the latter case, load this package earlier.
Package: kvsetkeys 2016/05/16 v1.17 Key value parser (HO)
Package: kvdefinekeys 2016/05/16 v1.4 Define keys (HO)
Package: pdftexcmds 2016/05/21 v0.22 Utility functions of pdfTeX for LuaTeX (HO)
Package pdftexcmds Info: LuaTeX not detected.
Package pdftexcmds Info: \pdf@primitive is available.
Package pdftexcmds Info: \pdf@ifprimitive is available.
Package pdftexcmds Info: \pdfdraftmode found.
Package: pdfescape 2016/05/16 v1.14 Implements pdfTeX's escape features (HO)
Package: bigintcalc 2016/05/16 v1.4 Expandable calculations on big integers (HO)
Package: bitset 2016/05/16 v1.2 Handle bit-vector datatype (HO)
Package: uniquecounter 2016/05/16 v1.3 Provide unlimited unique counter (HO)
)
Package hobsub Info: Skipping package `hobsub' (already loaded).
Package: letltxmacro 2016/05/16 v1.5 Let assignment for LaTeX macros (HO)
Package: hopatch 2016/05/16 v1.3 Wrapper for package hooks (HO)
Package: xcolor-patch 2016/05/16 xcolor patch
Package: atveryend 2016/05/16 v1.9 Hooks at the very end of document (HO)
Package atveryend Info: \enddocument detected (standard20110627).
Package: atbegshi 2016/06/09 v1.18 At begin shipout hook (HO)
Package: refcount 2016/05/16 v3.5 Data extraction from label references (HO)
Package: hycolor 2016/05/16 v1.8 Color options for hyperref/bookmark (HO)
)
("C:\Program Files\MiKTeX 2.9\tex\latex\graphics\keyval.sty"
Package: keyval 2014/10/28 v1.15 key=value parser (DPC)
\KV@toks@=\toks16
)
("C:\Program Files\MiKTeX 2.9\tex\generic\ifxetex\ifxetex.sty"
Package: ifxetex 2010/09/12 v0.6 Provides ifxetex conditional
)
("C:\Program Files\MiKTeX 2.9\tex\latex\oberdiek\auxhook.sty"
Package: auxhook 2016/05/16 v1.4 Hooks for auxiliary files (HO)
)
("C:\Program Files\MiKTeX 2.9\tex\latex\oberdiek\kvoptions.sty"
Package: kvoptions 2016/05/16 v3.12 Key value format for package options (HO)
)
\@linkdim=\dimen104
\Hy@linkcounter=\count88
\Hy@pagecounter=\count89

("C:\Program Files\MiKTeX 2.9\tex\latex\hyperref\pd1enc.def"
File: pd1enc.def 2016/06/24 v6.83q Hyperref: PDFDocEncoding definition (HO)
)
\Hy@SavedSpaceFactor=\count90
Package hyperref Info: Option `unicode' set `true' on input line 3453.
 ("C:\Program Files\MiKTeX 2.9\tex\latex\hyperref\puenc.def"
File: puenc.def 2016/06/24 v6.83q Hyperref: PDF Unicode definition (HO)
) ("C:\Program Files\MiKTeX 2.9\tex\latex\00miktex\hyperref.cfg"
File: hyperref.cfg 2002/06/06 v1.2 hyperref configuration of TeXLive
)
Package hyperref Info: Hyper figures OFF on input line 4486.
Package hyperref Info: Link nesting OFF on input line 4491.
Package hyperref Info: Hyper index ON on input line 4494.
Package hyperref Info: Plain pages OFF on input line 4501.
Package hyperref Info: Backreferencing OFF on input line 4506.
Package hyperref Info: Implicit mode ON; LaTeX internals redefined.
Package hyperref Info: Bookmarks ON on input line 4735.
\c@Hy@tempcnt=\count91
 ("C:\Program Files\MiKTeX 2.9\tex\latex\url\url.sty"
\Urlmuskip=\muskip10
Package: url 2013/09/16  ver 3.4  Verb mode for urls, etc.
)
LaTeX Info: Redefining \url on input line 5088.
\XeTeXLinkMargin=\dimen105
\Fld@menulength=\count92
\Field@Width=\dimen106
\Fld@charsize=\dimen107
Package hyperref Info: Hyper figures OFF on input line 6342.
Package hyperref Info: Link nesting OFF on input line 6347.
Package hyperref Info: Hyper index ON on input line 6350.
Package hyperref Info: backreferencing OFF on input line 6357.
Package hyperref Info: Link coloring OFF on input line 6362.
Package hyperref Info: Link coloring with OCG OFF on input line 6367.
Package hyperref Info: PDF/A mode OFF on input line 6372.
LaTeX Info: Redefining \ref on input line 6412.
LaTeX Info: Redefining \pageref on input line 6416.
\Hy@abspage=\count93
\c@Item=\count94
\c@Hfootnote=\count95
)

Package hyperref Message: Driver (autodetected): hpdftex.

("C:\Program Files\MiKTeX 2.9\tex\latex\hyperref\hpdftex.def"
File: hpdftex.def 2016/06/24 v6.83q Hyperref driver for pdfTeX
\Fld@listcount=\count96
\c@bookmark@seq@number=\count97

("C:\Program Files\MiKTeX 2.9\tex\latex\oberdiek\rerunfilecheck.sty"
Package: rerunfilecheck 2016/05/16 v1.8 Rerun checks for auxiliary files (HO)
Package uniquecounter Info: New unique counter `rerunfilecheck' on input line 282.
)
\Hy@SectionHShift=\skip43
) (project_cp.sty

LaTeX Warning: You have requested package `project_cp',
               but the package provides `project'.

Package: project 12/03/2014 V.2.0. Yearly Essay. Marchevsky Ilia, Titul list. Puzikova V.V.
("C:\Program Files\MiKTeX 2.9\tex\latex\amsfonts\amssymb.sty"
Package: amssymb 2013/01/14 v3.01 AMS font symbols

("C:\Program Files\MiKTeX 2.9\tex\latex\amsfonts\amsfonts.sty"
Package: amsfonts 2013/01/14 v3.01 Basic AMSFonts support
\@emptytoks=\toks17
\symAMSa=\mathgroup4
\symAMSb=\mathgroup5
LaTeX Font Info:    Overwriting math alphabet `\mathfrak' in version `bold'
(Font)                  U/euf/m/n --> U/euf/b/n on input line 106.
))
("C:\Program Files\MiKTeX 2.9\tex\latex\amsmath\amsmath.sty"
Package: amsmath 2016/11/05 v2.16a AMS math features
\@mathmargin=\skip44

For additional information on amsmath, use the `?' option.
("C:\Program Files\MiKTeX 2.9\tex\latex\amsmath\amstext.sty"
Package: amstext 2000/06/29 v2.01 AMS text
 ("C:\Program Files\MiKTeX 2.9\tex\latex\amsmath\amsgen.sty"
File: amsgen.sty 1999/11/30 v2.0 generic functions
\@emptytoks=\toks18
\ex@=\dimen108
)) ("C:\Program Files\MiKTeX 2.9\tex\latex\amsmath\amsbsy.sty"
Package: amsbsy 1999/11/29 v1.2d Bold Symbols
\pmbraise@=\dimen109
)
("C:\Program Files\MiKTeX 2.9\tex\latex\amsmath\amsopn.sty"
Package: amsopn 2016/03/08 v2.02 operator names
)
\inf@bad=\count98
LaTeX Info: Redefining \frac on input line 213.
\uproot@=\count99
\leftroot@=\count100
LaTeX Info: Redefining \overline on input line 375.
\classnum@=\count101
\DOTSCASE@=\count102
LaTeX Info: Redefining \ldots on input line 472.
LaTeX Info: Redefining \dots on input line 475.
LaTeX Info: Redefining \cdots on input line 596.
\Mathstrutbox@=\box26
\strutbox@=\box27
\big@size=\dimen110
LaTeX Font Info:    Redeclaring font encoding OML on input line 712.
LaTeX Font Info:    Redeclaring font encoding OMS on input line 713.
\macc@depth=\count103
\c@MaxMatrixCols=\count104
\dotsspace@=\muskip11
\c@parentequation=\count105
\dspbrk@lvl=\count106
\tag@help=\toks19
\row@=\count107
\column@=\count108
\maxfields@=\count109
\andhelp@=\toks20
\eqnshift@=\dimen111
\alignsep@=\dimen112
\tagshift@=\dimen113
\tagwidth@=\dimen114
\totwidth@=\dimen115
\lineht@=\dimen116
\@envbody=\toks21
\multlinegap=\skip45
\multlinetaggap=\skip46
\mathdisplay@stack=\toks22
LaTeX Info: Redefining \[ on input line 2817.
LaTeX Info: Redefining \] on input line 2818.
) ("C:\Program Files\MiKTeX 2.9\tex\latex\cite\cite.sty"
LaTeX Info: Redefining \cite on input line 302.
LaTeX Info: Redefining \nocite on input line 332.
Package: cite 2015/02/27  v 5.5
)
("C:\Program Files\MiKTeX 2.9\tex\latex\caption\caption.sty"
Package: caption 2016/02/21 v3.3-144 Customizing captions (AR)
 ("C:\Program Files\MiKTeX 2.9\tex\latex\caption\caption3.sty"
Package: caption3 2016/05/22 v1.7-166 caption3 kernel (AR)
Package caption3 Info: TeX engine: e-TeX on input line 67.
\captionmargin=\dimen117
\captionmargin@=\dimen118
\captionwidth=\dimen119
\caption@tempdima=\dimen120
\caption@indent=\dimen121
\caption@parindent=\dimen122
\caption@hangindent=\dimen123
)
\c@ContinuedFloat=\count110
Package caption Info: hyperref package is loaded.
) ("C:\Program Files\MiKTeX 2.9\tex\latex\cmap\cmap.sty"
Package: cmap 2008/03/06 v1.0h CMap support: searchable PDF


Package cmap Warning: fontenc already loaded - some fonts may be unprocessed.

) ("C:\Program Files\MiKTeX 2.9\tex\latex\graphics\graphicx.sty"
Package: graphicx 2014/10/28 v1.0g Enhanced LaTeX Graphics (DPC,SPQR)

("C:\Program Files\MiKTeX 2.9\tex\latex\graphics\graphics.sty"
Package: graphics 2016/10/09 v1.0u Standard LaTeX Graphics (DPC,SPQR)
 ("C:\Program Files\MiKTeX 2.9\tex\latex\graphics\trig.sty"
Package: trig 2016/01/03 v1.10 sin cos tan (DPC)
) ("C:\Program Files\MiKTeX 2.9\tex\latex\graphics-cfg\graphics.cfg"
File: graphics.cfg 2016/06/04 v1.11 sample graphics configuration
)
Package graphics Info: Driver file: pdftex.def on input line 99.

("C:\Program Files\MiKTeX 2.9\tex\latex\graphics-def\pdftex.def"
File: pdftex.def 2017/01/12 v0.06k Graphics/color for pdfTeX
\Gread@gobject=\count111
))
\Gin@req@height=\dimen124
\Gin@req@width=\dimen125
)
("C:\Program Files\MiKTeX 2.9\tex\latex\tools\indentfirst.sty"
Package: indentfirst 1995/11/23 v1.03 Indent first paragraph (DPC)
)
\symum@thgr=\mathgroup6
LaTeX Font Info:    Overwriting symbol font `um@thgr' in version `bold'
(Font)                  OT1/umathgr/m/n --> OT1/umathgr/b/n on input line 83.
LaTeX Font Info:    Redeclaring math symbol \alpha on input line 86.
LaTeX Font Info:    Redeclaring math symbol \beta on input line 87.
LaTeX Font Info:    Redeclaring math symbol \gamma on input line 88.
LaTeX Font Info:    Redeclaring math symbol \delta on input line 89.
LaTeX Font Info:    Redeclaring math symbol \varepsilon on input line 90.
LaTeX Font Info:    Redeclaring math symbol \zeta on input line 91.
LaTeX Font Info:    Redeclaring math symbol \eta on input line 92.
LaTeX Font Info:    Redeclaring math symbol \theta on input line 93.
LaTeX Font Info:    Redeclaring math symbol \iota on input line 94.
LaTeX Font Info:    Redeclaring math symbol \kappa on input line 95.
LaTeX Font Info:    Redeclaring math symbol \lambda on input line 96.
LaTeX Font Info:    Redeclaring math symbol \mu on input line 97.
LaTeX Font Info:    Redeclaring math symbol \nu on input line 98.
LaTeX Font Info:    Redeclaring math symbol \xi on input line 99.
LaTeX Font Info:    Redeclaring math symbol \pi on input line 100.
LaTeX Font Info:    Redeclaring math symbol \rho on input line 101.
LaTeX Font Info:    Redeclaring math symbol \sigma on input line 102.
LaTeX Font Info:    Redeclaring math symbol \tau on input line 103.
LaTeX Font Info:    Redeclaring math symbol \upsilon on input line 104.
LaTeX Font Info:    Redeclaring math symbol \phi on input line 105.
LaTeX Font Info:    Redeclaring math symbol \chi on input line 106.
LaTeX Font Info:    Redeclaring math symbol \psi on input line 107.
LaTeX Font Info:    Redeclaring math symbol \omega on input line 108.
LaTeX Font Info:    Redeclaring math symbol \vartheta on input line 109.
LaTeX Font Info:    Redeclaring math symbol \varrho on input line 110.
LaTeX Font Info:    Redeclaring math symbol \varphi on input line 111.
LaTeX Font Info:    Redeclaring math symbol \varkappa on input line 112.
LaTeX Font Info:    Redeclaring math symbol \Delta on input line 114.
LaTeX Font Info:    Redeclaring math symbol \Phi on input line 115.
LaTeX Font Info:    Redeclaring math symbol \Gamma on input line 116.
LaTeX Font Info:    Redeclaring math symbol \Theta on input line 117.
LaTeX Font Info:    Redeclaring math symbol \Lambda on input line 118.
LaTeX Font Info:    Redeclaring math symbol \Pi on input line 119.
LaTeX Font Info:    Redeclaring math symbol \Xi on input line 120.
LaTeX Font Info:    Redeclaring math symbol \Sigma on input line 122.
LaTeX Font Info:    Redeclaring math symbol \Upsilon on input line 124.
LaTeX Font Info:    Redeclaring math symbol \Omega on input line 125.
Package hyperref Info: Option `unicode' set `true' on input line 540.
Package hyperref Info: Option `colorlinks' set `true' on input line 540.


Package hyperref Warning: Option `bookmarks' has already been used,
(hyperref)                setting the option has no effect on input line 540.

\@oldcatcode=\count112
) (project_example_cp.aux

LaTeX Warning: Label `' multiply defined.


LaTeX Warning: Label `' multiply defined.


LaTeX Warning: Label `' multiply defined.


LaTeX Warning: Label `' multiply defined.


LaTeX Warning: Label `' multiply defined.


LaTeX Warning: Label `' multiply defined.


LaTeX Warning: Label `' multiply defined.


LaTeX Warning: Label `' multiply defined.


LaTeX Warning: Label `' multiply defined.


LaTeX Warning: Label `' multiply defined.


LaTeX Warning: Label `' multiply defined.


LaTeX Warning: Label `' multiply defined.

)
\openout1 = `project_example_cp.aux'.

LaTeX Font Info:    Checking defaults for OML/cmm/m/it on input line 11.
LaTeX Font Info:    ... okay on input line 11.
LaTeX Font Info:    Checking defaults for T1/cmr/m/n on input line 11.
LaTeX Font Info:    ... okay on input line 11.
LaTeX Font Info:    Checking defaults for OT1/cmr/m/n on input line 11.
LaTeX Font Info:    ... okay on input line 11.
LaTeX Font Info:    Checking defaults for OMS/cmsy/m/n on input line 11.
LaTeX Font Info:    ... okay on input line 11.
LaTeX Font Info:    Checking defaults for OMX/cmex/m/n on input line 11.
LaTeX Font Info:    ... okay on input line 11.
LaTeX Font Info:    Checking defaults for U/cmr/m/n on input line 11.
LaTeX Font Info:    ... okay on input line 11.
LaTeX Font Info:    Checking defaults for T2A/cmr/m/n on input line 11.
LaTeX Font Info:    ... okay on input line 11.
LaTeX Font Info:    Checking defaults for PD1/pdf/m/n on input line 11.
LaTeX Font Info:    ... okay on input line 11.
LaTeX Font Info:    Checking defaults for PU/pdf/m/n on input line 11.
LaTeX Font Info:    ... okay on input line 11.
\AtBeginShipoutBox=\box28
 ("C:\Program Files\MiKTeX 2.9\tex\latex\graphics\color.sty"
Package: color 2016/07/10 v1.1e Standard LaTeX Color (DPC)

("C:\Program Files\MiKTeX 2.9\tex\latex\graphics-cfg\color.cfg"
File: color.cfg 2016/01/02 v1.6 sample color configuration
)
Package color Info: Driver file: pdftex.def on input line 147.
)
Package hyperref Info: Link coloring ON on input line 11.

("C:\Program Files\MiKTeX 2.9\tex\latex\hyperref\nameref.sty"
Package: nameref 2016/05/21 v2.44 Cross-referencing by name of section

("C:\Program Files\MiKTeX 2.9\tex\generic\oberdiek\gettitlestring.sty"
Package: gettitlestring 2016/05/16 v1.5 Cleanup title references (HO)
)
\c@section@level=\count113
)
LaTeX Info: Redefining \ref on input line 11.
LaTeX Info: Redefining \pageref on input line 11.
LaTeX Info: Redefining \nameref on input line 11.
 (project_example_cp.out)
(project_example_cp.out)
\@outlinefile=\write3
\openout3 = `project_example_cp.out'.

Package caption Info: Begin \AtBeginDocument code.
Package caption Info: End \AtBeginDocument code.
 ("C:\Program Files\MiKTeX 2.9\tex\context\base\supp-pdf.mkii"
[Loading MPS to PDF converter (version 2006.09.02).]
\scratchcounter=\count114
\scratchdimen=\dimen126
\scratchbox=\box29
\nofMPsegments=\count115
\nofMParguments=\count116
\everyMPshowfont=\toks23
\MPscratchCnt=\count117
\MPscratchDim=\dimen127
\MPnumerator=\count118
\makeMPintoPDFobject=\count119
\everyMPtoPDFconversion=\toks24
) ("C:\Program Files\MiKTeX 2.9\tex\latex\oberdiek\epstopdf-base.sty"
Package: epstopdf-base 2016/05/15 v2.6 Base part for package epstopdf

("C:\Program Files\MiKTeX 2.9\tex\latex\oberdiek\grfext.sty"
Package: grfext 2016/05/16 v1.2 Manage graphics extensions (HO)
)
Package epstopdf-base Info: Redefining graphics rule for `.eps' on input line 438.
Package grfext Info: Graphics extension search list:
(grfext)             [.png,.pdf,.jpg,.mps,.jpeg,.jbig2,.jb2,.PNG,.PDF,.JPG,.JPEG,.JBIG2,.JB2,.eps]
(grfext)             \AppendGraphicsExtensions on input line 456.
)<<t2a.cmap>>
Package epstopdf Info: Source file: <emblema.eps>
(epstopdf)                    date: 2010-10-06 00:38:42
(epstopdf)                    size: 384750 bytes
(epstopdf)             Output file: <emblema-eps-converted-to.pdf>
(epstopdf)                    date: 2017-05-31 20:06:30
(epstopdf)                    size: 143718 bytes
(epstopdf)             Command: <epstopdf --outfile=emblema-eps-converted-to.pdf emblema.eps>
(epstopdf)             \includegraphics on input line 12.
Package epstopdf Info: Output file is already uptodate.

<emblema-eps-converted-to.pdf, id=28, 476.78125pt x 534.99875pt>
File: emblema-eps-converted-to.pdf Graphic file (type pdf)
 <use emblema-eps-converted-to.pdf>
Package pdftex.def Info: emblema-eps-converted-to.pdf used on input line 12.
(pdftex.def)             Requested size: 190.7091pt x 213.9957pt.
<<ot1.cmap>><<oml.cmap>><<oms.cmap>><<omx.cmap>>
LaTeX Font Info:    Try loading font information for U+msa on input line 12.
 ("C:\Program Files\MiKTeX 2.9\tex\latex\amsfonts\umsa.fd"
File: umsa.fd 2013/01/14 v3.01 AMS symbols A
)
LaTeX Font Info:    Try loading font information for U+msb on input line 12.

("C:\Program Files\MiKTeX 2.9\tex\latex\amsfonts\umsb.fd"
File: umsb.fd 2013/01/14 v3.01 AMS symbols B
)
Underfull \hbox (badness 10000) in paragraph at lines 12--12

 []

Package babel Info: Redefining russian shorthand "|
(babel)             in language append on input line 13.
Package babel Info: Redefining russian shorthand "~
(babel)             in language append on input line 13.
Package babel Info: Redefining russian shorthand "|
(babel)             in language append on input line 13.
Package babel Info: Redefining russian shorthand "~
(babel)             in language append on input line 13.
[1

{C:/ProgramData/MiKTeX/2.9/pdftex/config/pdftex.map} <./emblema-eps-converted-to.pdf>]
Package babel Info: Redefining russian shorthand "|
(babel)             in language append on input line 20.
Package babel Info: Redefining russian shorthand "~
(babel)             in language append on input line 20.
LaTeX Font Info:    Try loading font information for T2A+cmss on input line 24.

("C:\Program Files\MiKTeX 2.9\tex\latex\cyrillic\t2acmss.fd"
File: t2acmss.fd 2001/08/11 v1.0a Computer Modern Cyrillic font definitions
)
Package babel Info: Redefining russian shorthand "|
(babel)             in language append on input line 36.
Package babel Info: Redefining russian shorthand "~
(babel)             in language append on input line 36.
Package babel Info: Redefining russian shorthand "|
(babel)             in language append on input line 36.
Package babel Info: Redefining russian shorthand "~
(babel)             in language append on input line 36.
 [2]
Package babel Info: Redefining russian shorthand "|
(babel)             in language append on input line 39.
Package babel Info: Redefining russian shorthand "~
(babel)             in language append on input line 39.
Package babel Info: Redefining russian shorthand "|
(babel)             in language append on input line 85.
Package babel Info: Redefining russian shorthand "~
(babel)             in language append on input line 85.
Package babel Info: Redefining russian shorthand "|
(babel)             in language append on input line 85.
Package babel Info: Redefining russian shorthand "~
(babel)             in language append on input line 85.
 [3]
Package babel Info: Redefining russian shorthand "|
(babel)             in language append on input line 152.
Package babel Info: Redefining russian shorthand "~
(babel)             in language append on input line 152.
Package babel Info: Redefining russian shorthand "|
(babel)             in language append on input line 152.
Package babel Info: Redefining russian shorthand "~
(babel)             in language append on input line 152.
 [4]
Overfull \hbox (31.41316pt too wide) in paragraph at lines 156--166
 [] 
 []

Package babel Info: Redefining russian shorthand "|
(babel)             in language append on input line 212.
Package babel Info: Redefining russian shorthand "~
(babel)             in language append on input line 212.
Package babel Info: Redefining russian shorthand "|
(babel)             in language append on input line 212.
Package babel Info: Redefining russian shorthand "~
(babel)             in language append on input line 212.
[5]
Package babel Info: Redefining russian shorthand "|
(babel)             in language append on input line 253.
Package babel Info: Redefining russian shorthand "~
(babel)             in language append on input line 253.
Package babel Info: Redefining russian shorthand "|
(babel)             in language append on input line 253.
Package babel Info: Redefining russian shorthand "~
(babel)             in language append on input line 253.
 [6] <monoton.jpg, id=100, 411.78844pt x 228.855pt>
File: monoton.jpg Graphic file (type jpg)
 <use monoton.jpg>
Package pdftex.def Info: monoton.jpg used on input line 278.
(pdftex.def)             Requested size: 369.88985pt x 227.6322pt.


Package caption Warning: The option `hypcap=true' will be ignored for this
(caption)                particular \caption on input line 278.
See the caption package documentation for explanation.

<notmonot.jpg, id=101, 529.98pt x 277.78781pt>
File: notmonot.jpg Graphic file (type jpg)
 <use notmonot.jpg>
Package pdftex.def Info: notmonot.jpg used on input line 279.
(pdftex.def)             Requested size: 369.89172pt x 227.62639pt.


Package caption Warning: The option `hypcap=true' will be ignored for this
(caption)                particular \caption on input line 279.
See the caption package documentation for explanation.

Package babel Info: Redefining russian shorthand "|
(babel)             in language append on input line 280.
Package babel Info: Redefining russian shorthand "~
(babel)             in language append on input line 280.
Package babel Info: Redefining russian shorthand "|
(babel)             in language append on input line 280.
Package babel Info: Redefining russian shorthand "~
(babel)             in language append on input line 280.
[7 <./monoton.jpg>] <1e-3.pdf, id=109, 361.35pt x 241.90375pt>
File: 1e-3.pdf Graphic file (type pdf)
 <use 1e-3.pdf>
Package pdftex.def Info: 1e-3.pdf used on input line 290.
(pdftex.def)             Requested size: 199.16766pt x 199.1781pt.


Package caption Warning: The option `hypcap=true' will be ignored for this
(caption)                particular \caption on input line 290.
See the caption package documentation for explanation.

<1e-4.pdf, id=110, 361.35pt x 238.8925pt>
File: 1e-4.pdf Graphic file (type pdf)
 <use 1e-4.pdf>
Package pdftex.def Info: 1e-4.pdf used on input line 291.
(pdftex.def)             Requested size: 199.16766pt x 199.17014pt.


Package caption Warning: The option `hypcap=true' will be ignored for this
(caption)                particular \caption on input line 291.
See the caption package documentation for explanation.

<1e-5.pdf, id=111, 361.35pt x 235.88126pt>
File: 1e-5.pdf Graphic file (type pdf)
 <use 1e-5.pdf>
Package pdftex.def Info: 1e-5.pdf used on input line 292.
(pdftex.def)             Requested size: 199.16766pt x 199.17188pt.


Package caption Warning: The option `hypcap=true' will be ignored for this
(caption)                particular \caption on input line 292.
See the caption package documentation for explanation.

Package babel Info: Redefining russian shorthand "|
(babel)             in language append on input line 293.
Package babel Info: Redefining russian shorthand "~
(babel)             in language append on input line 293.
Package babel Info: Redefining russian shorthand "|
(babel)             in language append on input line 293.
Package babel Info: Redefining russian shorthand "~
(babel)             in language append on input line 293.
[8 <./notmonot.jpg> <./1e-3.pdf> <./1e-4.pdf

pdfTeX warning: pdflatex.exe (file ./1e-4.pdf): PDF inclusion: multiple pdfs with page group included in a single page
>]
Package babel Info: Redefining russian shorthand "|
(babel)             in language append on input line 308.
Package babel Info: Redefining russian shorthand "~
(babel)             in language append on input line 308.
Package babel Info: Redefining russian shorthand "|
(babel)             in language append on input line 309.
Package babel Info: Redefining russian shorthand "~
(babel)             in language append on input line 309.
Package babel Info: Redefining russian shorthand "|
(babel)             in language append on input line 329.
Package babel Info: Redefining russian shorthand "~
(babel)             in language append on input line 329.
Package babel Info: Redefining russian shorthand "|
(babel)             in language append on input line 329.
Package babel Info: Redefining russian shorthand "~
(babel)             in language append on input line 329.
 [9 <./1e-5.pdf>] <neyst.jpg, id=147, 437.38406pt x 225.09094pt>
File: neyst.jpg Graphic file (type jpg)
 <use neyst.jpg>
Package pdftex.def Info: neyst.jpg used on input line 332.
(pdftex.def)             Requested size: 369.88947pt x 227.63197pt.


Package caption Warning: The option `hypcap=true' will be ignored for this
(caption)                particular \caption on input line 332.
See the caption package documentation for explanation.

<yst.jpg, id=148, 452.4403pt x 260.47313pt>
File: yst.jpg Graphic file (type jpg)
 <use yst.jpg>
Package pdftex.def Info: yst.jpg used on input line 333.
(pdftex.def)             Requested size: 369.88506pt x 227.62328pt.


Package caption Warning: The option `hypcap=true' will be ignored for this
(caption)                particular \caption on input line 333.
See the caption package documentation for explanation.

Package babel Info: Redefining russian shorthand "|
(babel)             in language append on input line 335.
Package babel Info: Redefining russian shorthand "~
(babel)             in language append on input line 335.
Package babel Info: Redefining russian shorthand "|
(babel)             in language append on input line 339.
Package babel Info: Redefining russian shorthand "~
(babel)             in language append on input line 339.
Package babel Info: Redefining russian shorthand "|
(babel)             in language append on input line 339.
Package babel Info: Redefining russian shorthand "~
(babel)             in language append on input line 339.
[10 <./neyst.jpg> <./yst.jpg>] <konserv.jpg, id=155, 563.10374pt x 312.41719pt>
File: konserv.jpg Graphic file (type jpg)
 <use konserv.jpg>
Package pdftex.def Info: konserv.jpg used on input line 344.
(pdftex.def)             Requested size: 369.8882pt x 227.62883pt.


Package caption Warning: The option `hypcap=true' will be ignored for this
(caption)                particular \caption on input line 344.
See the caption package documentation for explanation.

<konserv2.jpg, id=156, 547.2947pt x 299.61937pt>
File: konserv2.jpg Graphic file (type jpg)
 <use konserv2.jpg>
Package pdftex.def Info: konserv2.jpg used on input line 345.
(pdftex.def)             Requested size: 398.3443pt x 227.62622pt.


Package caption Warning: The option `hypcap=true' will be ignored for this
(caption)                particular \caption on input line 345.
See the caption package documentation for explanation.

<int2.jpg, id=157, 489.32813pt x 312.41719pt>
File: int2.jpg Graphic file (type jpg)
 <use int2.jpg>
Package pdftex.def Info: int2.jpg used on input line 348.
(pdftex.def)             Requested size: 284.53476pt x 227.62883pt.


Package caption Warning: The option `hypcap=true' will be ignored for this
(caption)                particular \caption on input line 348.
See the caption package documentation for explanation.

<int1.jpg, id=158, 486.31688pt x 321.45094pt>
File: int1.jpg Graphic file (type jpg)
 <use int1.jpg>
Package pdftex.def Info: int1.jpg used on input line 349.
(pdftex.def)             Requested size: 284.52762pt x 227.62845pt.


Package caption Warning: The option `hypcap=true' will be ignored for this
(caption)                particular \caption on input line 349.
See the caption package documentation for explanation.

Package babel Info: Redefining russian shorthand "|
(babel)             in language append on input line 350.
Package babel Info: Redefining russian shorthand "~
(babel)             in language append on input line 350.
Package babel Info: Redefining russian shorthand "|
(babel)             in language append on input line 350.
Package babel Info: Redefining russian shorthand "~
(babel)             in language append on input line 350.
[11 <./konserv.jpg> <./konserv2.jpg>]
Package babel Info: Redefining russian shorthand "|
(babel)             in language append on input line 354.
Package babel Info: Redefining russian shorthand "~
(babel)             in language append on input line 354.
 <t-2.pdf, id=165, 362.35374pt x 166.6225pt>
File: t-2.pdf Graphic file (type pdf)
 <use t-2.pdf>
Package pdftex.def Info: t-2.pdf used on input line 357.
(pdftex.def)             Requested size: 369.8945pt x 227.63837pt.


Package caption Warning: The option `hypcap=true' will be ignored for this
(caption)                particular \caption on input line 357.
See the caption package documentation for explanation.

<t-3.pdf, id=166, 362.35374pt x 171.64125pt>
File: t-3.pdf Graphic file (type pdf)
 <use t-3.pdf>
Package pdftex.def Info: t-3.pdf used on input line 358.
(pdftex.def)             Requested size: 369.8945pt x 227.61996pt.


Package caption Warning: The option `hypcap=true' will be ignored for this
(caption)                particular \caption on input line 358.
See the caption package documentation for explanation.

Package babel Info: Redefining russian shorthand "|
(babel)             in language append on input line 359.
Package babel Info: Redefining russian shorthand "~
(babel)             in language append on input line 359.
Package babel Info: Redefining russian shorthand "|
(babel)             in language append on input line 359.
Package babel Info: Redefining russian shorthand "~
(babel)             in language append on input line 359.
[12 <./int2.jpg> <./int1.jpg>]
Package atveryend Info: Empty hook `BeforeClearDocument' on input line 361.
Package babel Info: Redefining russian shorthand "|
(babel)             in language append on input line 361.
Package babel Info: Redefining russian shorthand "~
(babel)             in language append on input line 361.
Package babel Info: Redefining russian shorthand "|
(babel)             in language append on input line 361.
Package babel Info: Redefining russian shorthand "~
(babel)             in language append on input line 361.
 [13 <./t-2.pdf> <./t-3.pdf

pdfTeX warning: pdflatex.exe (file ./t-3.pdf): PDF inclusion: multiple pdfs with page group included in a single page
>]
Package atveryend Info: Empty hook `AfterLastShipout' on input line 361.
 (project_example_cp.aux)
Package atveryend Info: Executing hook `AtVeryEndDocument' on input line 361.
Package atveryend Info: Executing hook `AtEndAfterFileList' on input line 361.
Package rerunfilecheck Info: File `project_example_cp.out' has not changed.
(rerunfilecheck)             Checksum: 065491B49E0C41AC6D5617FFFB0C1EFC;1531.


LaTeX Warning: There were multiply-defined labels.

Package atveryend Info: Empty hook `AtVeryVeryEnd' on input line 361.
 )
(\end occurred inside a group at level 2)

### simple group (level 2) entered at line 414 ({)
### simple group (level 1) entered at line 404 ({)
### bottom level 
Here is how much of TeX's memory you used:
 11578 strings out of 493333
 162641 string characters out of 3139167
 248706 words of memory out of 3000000
 14889 multiletter control sequences out of 15000+200000
 20617 words of font info for 49 fonts, out of 3000000 for 9000
 1141 hyphenation exceptions out of 8191
 43i,12n,40p,878b,1616s stack positions out of 5000i,500n,10000p,200000b,50000s
 <C:\Users\тимофей\AppData\Local\MiKTeX\2.9\fonts\pk\ljfour\lh\lh-t2a\dpi600\lass1200.pk> <C:\Use
rs\тимофей\AppData\Local\MiKTeX\2.9\fonts\pk\ljfour\lh\lh-t2a\dpi600\larm1000.pk> <C:\Users\тимофей\AppDat
a\Local\MiKTeX\2.9\fonts\pk\ljfour\lh\lh-t2a\dpi600\lati1200.pk> <C:\Users\тимофей\AppData\Local\MiKTeX\2.9\fonts
\pk\ljfour\lh\lh-t2a\dpi600\labx1728.pk> <C:\Users\тимофей\AppData\Local\MiKTeX\2.9\fonts\pk\ljfour\lh\lh-t2a\dpi
600\larm1728.pk> <C:\Users\тимофей\AppData\Local\MiKTeX\2.9\fonts\pk\ljfour\lh\lh-t2a\dpi600\labi1728.pk> <C:\Use
rs\тимофей\AppData\Local\MiKTeX\2.9\fonts\pk\ljfour\lh\lh-t2a\dpi600\lati1440.pk> <C:\Users\тимофей\AppDat
a\Local\MiKTeX\2.9\fonts\pk\ljfour\lh\lh-t2a\dpi600\labx1095.pk> <C:\Users\тимофей\AppData\Local\MiKTeX\2.9\fonts
\pk\ljfour\lh\lh-t2a\dpi600\larm1200.pk><C:/Program Files/MiKTeX 2.9/fonts/type1/public/amsfonts/cm/cmex10.pfb><C:/Progr
am Files/MiKTeX 2.9/fonts/type1/public/amsfonts/cm/cmmi12.pfb><C:/Program Files/MiKTeX 2.9/fonts/type1/public/amsfonts/c
m/cmmi6.pfb><C:/Program Files/MiKTeX 2.9/fonts/type1/public/amsfonts/cm/cmmi8.pfb><C:/Program Files/MiKTeX 2.9/fonts/typ
e1/public/amsfonts/cm/cmr12.pfb><C:/Program Files/MiKTeX 2.9/fonts/type1/public/amsfonts/cm/cmr6.pfb><C:/Program Files/M
iKTeX 2.9/fonts/type1/public/amsfonts/cm/cmr8.pfb><C:/Program Files/MiKTeX 2.9/fonts/type1/public/amsfonts/cm/cmsy10.pfb
><C:/Program Files/MiKTeX 2.9/fonts/type1/public/amsfonts/cm/cmsy6.pfb><C:/Program Files/MiKTeX 2.9/fonts/type1/public/a
msfonts/cm/cmsy8.pfb><C:/Program Files/MiKTeX 2.9/fonts/type1/public/amsfonts/symbols/msam10.pfb><C:/Program Files/MiKTe
X 2.9/fonts/type1/public/omega/omsegr.pfb>
Output written on project_example_cp.pdf (13 pages, 1353442 bytes).
PDF statistics:
 546 PDF objects out of 1000 (max. 8388607)
 41 named destinations out of 1000 (max. 500000)
 139 words of extra memory for PDF output out of 10000 (max. 10000000)

