  laba5.cpp
c:\users\тимофей\desktop\бамонка\5 семестр\методы вычислений\мет вычи лабы\лаба 5\program\проект1\проект1\laba5.cpp(87): warning C4244: инициализация: преобразование "double" в "int", возможна потеря данных
c:\users\тимофей\desktop\бамонка\5 семестр\методы вычислений\мет вычи лабы\лаба 5\program\проект1\проект1\laba5.cpp(112): warning C4244: инициализация: преобразование "mytipe" в "int", возможна потеря данных
c:\users\тимофей\desktop\бамонка\5 семестр\методы вычислений\мет вычи лабы\лаба 5\program\проект1\проект1\laba5.cpp(113): warning C4244: инициализация: преобразование "mytipe" в "int", возможна потеря данных
c:\users\тимофей\desktop\бамонка\5 семестр\методы вычислений\мет вычи лабы\лаба 5\program\проект1\проект1\laba5.cpp(130): warning C4244: =: преобразование "mytipe" в "int", возможна потеря данных
c:\users\тимофей\desktop\бамонка\5 семестр\методы вычислений\мет вычи лабы\лаба 5\program\проект1\проект1\laba5.cpp(382): warning C4018: <=: несоответствие типов со знаком и без знака
c:\users\тимофей\desktop\бамонка\5 семестр\методы вычислений\мет вычи лабы\лаба 5\program\проект1\проект1\laba5.cpp(416): warning C4018: <=: несоответствие типов со знаком и без знака
c:\users\тимофей\desktop\бамонка\5 семестр\методы вычислений\мет вычи лабы\лаба 5\program\проект1\проект1\laba5.cpp(477): warning C4018: <: несоответствие типов со знаком и без знака
c:\users\тимофей\desktop\бамонка\5 семестр\методы вычислений\мет вычи лабы\лаба 5\program\проект1\проект1\laba5.cpp(486): warning C4018: <: несоответствие типов со знаком и без знака
c:\users\тимофей\desktop\бамонка\5 семестр\методы вычислений\мет вычи лабы\лаба 5\program\проект1\проект1\laba5.cpp(495): warning C4018: <: несоответствие типов со знаком и без знака
c:\users\тимофей\desktop\бамонка\5 семестр\методы вычислений\мет вычи лабы\лаба 5\program\проект1\проект1\laba5.cpp(506): warning C4018: <: несоответствие типов со знаком и без знака
c:\users\тимофей\desktop\бамонка\5 семестр\методы вычислений\мет вычи лабы\лаба 5\program\проект1\проект1\laba5.cpp(508): warning C4018: <: несоответствие типов со знаком и без знака
c:\users\тимофей\desktop\бамонка\5 семестр\методы вычислений\мет вычи лабы\лаба 5\program\проект1\проект1\laba5.cpp(516): warning C4018: <: несоответствие типов со знаком и без знака
c:\users\тимофей\desktop\бамонка\5 семестр\методы вычислений\мет вычи лабы\лаба 5\program\проект1\проект1\laba5.cpp(523): warning C4018: <: несоответствие типов со знаком и без знака
c:\users\тимофей\desktop\бамонка\5 семестр\методы вычислений\мет вычи лабы\лаба 5\program\проект1\проект1\laba5.cpp(532): warning C4018: <: несоответствие типов со знаком и без знака
c:\users\тимофей\desktop\бамонка\5 семестр\методы вычислений\мет вычи лабы\лаба 5\program\проект1\проект1\laba5.cpp(534): warning C4018: <: несоответствие типов со знаком и без знака
c:\users\тимофей\desktop\бамонка\5 семестр\методы вычислений\мет вычи лабы\лаба 5\program\проект1\проект1\laba5.cpp(544): warning C4018: <: несоответствие типов со знаком и без знака
c:\users\тимофей\desktop\бамонка\5 семестр\методы вычислений\мет вычи лабы\лаба 5\program\проект1\проект1\laba5.cpp(546): warning C4018: <: несоответствие типов со знаком и без знака
c:\users\тимофей\desktop\бамонка\5 семестр\методы вычислений\мет вычи лабы\лаба 5\program\проект1\проект1\laba5.cpp(558): warning C4018: <: несоответствие типов со знаком и без знака
c:\users\тимофей\desktop\бамонка\5 семестр\методы вычислений\мет вычи лабы\лаба 5\program\проект1\проект1\laba5.cpp(561): warning C4018: <: несоответствие типов со знаком и без знака
c:\users\тимофей\desktop\бамонка\5 семестр\методы вычислений\мет вычи лабы\лаба 5\program\проект1\проект1\laba5.cpp(502): warning C4715: norm: значение возвращается не при всех путях выполнения
  Проект1.vcxproj -> C:\Users\тимофей\Desktop\Бамонка\5 семестр\Методы вычислений\Мет Вычи лабы\лаба 5\program\Проект1\Debug\Проект1.exe
  Проект1.vcxproj -> C:\Users\тимофей\Desktop\Бамонка\5 семестр\Методы вычислений\Мет Вычи лабы\лаба 5\program\Проект1\Debug\Проект1.pdb (Partial PDB)
