  Source.cpp
c:\users\тимофей\desktop\bmstu\7 семестр\параллельное программирование\1\проект1\проект1\Matr.h(16): warning C4018: <: несоответствие типов со знаком и без знака
c:\users\тимофей\desktop\bmstu\7 семестр\параллельное программирование\1\проект1\проект1\Matr.h(19): warning C4018: <: несоответствие типов со знаком и без знака
c:\users\тимофей\desktop\bmstu\7 семестр\параллельное программирование\1\проект1\проект1\Matr.h(30): warning C4018: <: несоответствие типов со знаком и без знака
c:\users\тимофей\desktop\bmstu\7 семестр\параллельное программирование\1\проект1\проект1\Matr.h(33): warning C4018: <: несоответствие типов со знаком и без знака
c:\users\тимофей\desktop\bmstu\7 семестр\параллельное программирование\1\проект1\проект1\Matr.h(45): warning C4018: <: несоответствие типов со знаком и без знака
c:\users\тимофей\desktop\bmstu\7 семестр\параллельное программирование\1\проект1\проект1\Matr.h(47): warning C4018: <: несоответствие типов со знаком и без знака
c:\users\тимофей\desktop\bmstu\7 семестр\параллельное программирование\1\проект1\проект1\Matr.h(61): warning C4018: <: несоответствие типов со знаком и без знака
c:\users\тимофей\desktop\bmstu\7 семестр\параллельное программирование\1\проект1\проект1\Matr.h(63): warning C4018: <: несоответствие типов со знаком и без знака
c:\users\тимофей\desktop\bmstu\7 семестр\параллельное программирование\1\проект1\проект1\Matr.h(80): warning C4018: <: несоответствие типов со знаком и без знака
c:\users\тимофей\desktop\bmstu\7 семестр\параллельное программирование\1\проект1\проект1\Matr.h(82): warning C4018: <: несоответствие типов со знаком и без знака
c:\users\тимофей\desktop\bmstu\7 семестр\параллельное программирование\1\проект1\проект1\Matr.h(95): warning C4018: <: несоответствие типов со знаком и без знака
c:\users\тимофей\desktop\bmstu\7 семестр\параллельное программирование\1\проект1\проект1\Matr.h(98): warning C4018: <: несоответствие типов со знаком и без знака
c:\users\тимофей\desktop\bmstu\7 семестр\параллельное программирование\1\проект1\проект1\Matr.h(108): warning C4018: <: несоответствие типов со знаком и без знака
c:\users\тимофей\desktop\bmstu\7 семестр\параллельное программирование\1\проект1\проект1\Matr.h(110): warning C4018: <: несоответствие типов со знаком и без знака
c:\users\тимофей\desktop\bmstu\7 семестр\параллельное программирование\1\проект1\проект1\Matr.h(119): warning C4018: <: несоответствие типов со знаком и без знака
c:\users\тимофей\desktop\bmstu\7 семестр\параллельное программирование\1\проект1\проект1\Matr.h(129): warning C4018: <: несоответствие типов со знаком и без знака
c:\users\тимофей\desktop\bmstu\7 семестр\параллельное программирование\1\проект1\проект1\Matr.h(132): warning C4018: <: несоответствие типов со знаком и без знака
c:\users\тимофей\desktop\bmstu\7 семестр\параллельное программирование\1\проект1\проект1\Matr.h(144): warning C4018: <: несоответствие типов со знаком и без знака
c:\users\тимофей\desktop\bmstu\7 семестр\параллельное программирование\1\проект1\проект1\Matr.h(146): warning C4018: <: несоответствие типов со знаком и без знака
Source.cpp(45): warning C4101: t: неиспользованная локальная переменная
  Создание кода
  9 of 25 functions (36.0%) were compiled, the rest were copied from previous compilation.
    3 functions were new in current compilation
    0 functions had inline decision re-evaluated but remain unchanged
  Создание кода завершено
  Проект1.vcxproj -> C:\Users\тимофей\Desktop\BMSTU\7 семестр\Параллельное программирование\1\Проект1\Release\Проект1.exe
