  lab4.cpp
c:\users\тимофей\desktop\бамонка\5 семестр\методы вычислений\мет вычи лабы\лаба 4\lab4\lab4\matr.h(9): warning C4018: <: несоответствие типов со знаком и без знака
c:\users\тимофей\desktop\бамонка\5 семестр\методы вычислений\мет вычи лабы\лаба 4\lab4\lab4\matr.h(12): warning C4018: <: несоответствие типов со знаком и без знака
c:\users\тимофей\desktop\бамонка\5 семестр\методы вычислений\мет вычи лабы\лаба 4\lab4\lab4\matr.h(23): warning C4018: <: несоответствие типов со знаком и без знака
c:\users\тимофей\desktop\бамонка\5 семестр\методы вычислений\мет вычи лабы\лаба 4\lab4\lab4\matr.h(26): warning C4018: <: несоответствие типов со знаком и без знака
c:\users\тимофей\desktop\бамонка\5 семестр\методы вычислений\мет вычи лабы\лаба 4\lab4\lab4\matr.h(38): warning C4018: <: несоответствие типов со знаком и без знака
c:\users\тимофей\desktop\бамонка\5 семестр\методы вычислений\мет вычи лабы\лаба 4\lab4\lab4\matr.h(40): warning C4018: <: несоответствие типов со знаком и без знака
c:\users\тимофей\desktop\бамонка\5 семестр\методы вычислений\мет вычи лабы\лаба 4\lab4\lab4\matr.h(52): warning C4018: <: несоответствие типов со знаком и без знака
c:\users\тимофей\desktop\бамонка\5 семестр\методы вычислений\мет вычи лабы\лаба 4\lab4\lab4\matr.h(54): warning C4018: <: несоответствие типов со знаком и без знака
c:\users\тимофей\desktop\бамонка\5 семестр\методы вычислений\мет вычи лабы\лаба 4\lab4\lab4\matr.h(69): warning C4018: <: несоответствие типов со знаком и без знака
c:\users\тимофей\desktop\бамонка\5 семестр\методы вычислений\мет вычи лабы\лаба 4\lab4\lab4\matr.h(78): warning C4018: <: несоответствие типов со знаком и без знака
c:\users\тимофей\desktop\бамонка\5 семестр\методы вычислений\мет вычи лабы\лаба 4\lab4\lab4\matr.h(87): warning C4018: <: несоответствие типов со знаком и без знака
c:\users\тимофей\desktop\бамонка\5 семестр\методы вычислений\мет вычи лабы\лаба 4\lab4\lab4\matr.h(99): warning C4018: <: несоответствие типов со знаком и без знака
c:\users\тимофей\desktop\бамонка\5 семестр\методы вычислений\мет вычи лабы\лаба 4\lab4\lab4\matr.h(100): warning C4018: <: несоответствие типов со знаком и без знака
c:\users\тимофей\desktop\бамонка\5 семестр\методы вычислений\мет вычи лабы\лаба 4\lab4\lab4\matr.h(111): warning C4018: <: несоответствие типов со знаком и без знака
c:\users\тимофей\desktop\бамонка\5 семестр\методы вычислений\мет вычи лабы\лаба 4\lab4\lab4\matr.h(113): warning C4018: <: несоответствие типов со знаком и без знака
c:\users\тимофей\desktop\бамонка\5 семестр\методы вычислений\мет вычи лабы\лаба 4\lab4\lab4\matr.h(125): warning C4018: <: несоответствие типов со знаком и без знака
c:\users\тимофей\desktop\бамонка\5 семестр\методы вычислений\мет вычи лабы\лаба 4\lab4\lab4\matr.h(128): warning C4018: <: несоответствие типов со знаком и без знака
c:\users\тимофей\desktop\бамонка\5 семестр\методы вычислений\мет вычи лабы\лаба 4\lab4\lab4\matr.h(142): warning C4018: <: несоответствие типов со знаком и без знака
c:\users\тимофей\desktop\бамонка\5 семестр\методы вычислений\мет вычи лабы\лаба 4\lab4\lab4\matr.h(145): warning C4018: <: несоответствие типов со знаком и без знака
c:\users\тимофей\desktop\бамонка\5 семестр\методы вычислений\мет вычи лабы\лаба 4\lab4\lab4\matr.h(162): warning C4018: <: несоответствие типов со знаком и без знака
c:\users\тимофей\desktop\бамонка\5 семестр\методы вычислений\мет вычи лабы\лаба 4\lab4\lab4\matr.h(164): warning C4018: <: несоответствие типов со знаком и без знака
c:\users\тимофей\desktop\бамонка\5 семестр\методы вычислений\мет вычи лабы\лаба 4\lab4\lab4\matr.h(173): warning C4018: <: несоответствие типов со знаком и без знака
c:\users\тимофей\desktop\бамонка\5 семестр\методы вычислений\мет вычи лабы\лаба 4\lab4\lab4\matr.h(182): warning C4018: <: несоответствие типов со знаком и без знака
c:\users\тимофей\desktop\бамонка\5 семестр\методы вычислений\мет вычи лабы\лаба 4\lab4\lab4\matr.h(185): warning C4018: <: несоответствие типов со знаком и без знака
c:\users\тимофей\desktop\бамонка\5 семестр\методы вычислений\мет вычи лабы\лаба 4\lab4\lab4\matr.h(199): warning C4018: <: несоответствие типов со знаком и без знака
c:\users\тимофей\desktop\бамонка\5 семестр\методы вычислений\мет вычи лабы\лаба 4\lab4\lab4\matr.h(204): warning C4018: <: несоответствие типов со знаком и без знака
c:\users\тимофей\desktop\бамонка\5 семестр\методы вычислений\мет вычи лабы\лаба 4\lab4\lab4\matr.h(205): warning C4018: <: несоответствие типов со знаком и без знака
c:\users\тимофей\desktop\бамонка\5 семестр\методы вычислений\мет вычи лабы\лаба 4\lab4\lab4\matr.h(207): warning C4018: <: несоответствие типов со знаком и без знака
c:\users\тимофей\desktop\бамонка\5 семестр\методы вычислений\мет вычи лабы\лаба 4\lab4\lab4\matr.h(220): warning C4018: <: несоответствие типов со знаком и без знака
c:\users\тимофей\desktop\бамонка\5 семестр\методы вычислений\мет вычи лабы\лаба 4\lab4\lab4\matr.h(225): warning C4018: <: несоответствие типов со знаком и без знака
c:\users\тимофей\desktop\бамонка\5 семестр\методы вычислений\мет вычи лабы\лаба 4\lab4\lab4\matr.h(226): warning C4018: <: несоответствие типов со знаком и без знака
c:\users\тимофей\desktop\бамонка\5 семестр\методы вычислений\мет вычи лабы\лаба 4\lab4\lab4\matr.h(238): warning C4018: <: несоответствие типов со знаком и без знака
c:\users\тимофей\desktop\бамонка\5 семестр\методы вычислений\мет вычи лабы\лаба 4\lab4\lab4\matr.h(241): warning C4018: <: несоответствие типов со знаком и без знака
c:\users\тимофей\desktop\бамонка\5 семестр\методы вычислений\мет вычи лабы\лаба 4\lab4\lab4\matr.h(255): warning C4018: <: несоответствие типов со знаком и без знака
c:\users\тимофей\desktop\бамонка\5 семестр\методы вычислений\мет вычи лабы\лаба 4\lab4\lab4\matr.h(265): warning C4018: <: несоответствие типов со знаком и без знака
c:\users\тимофей\desktop\бамонка\5 семестр\методы вычислений\мет вычи лабы\лаба 4\lab4\lab4\matr.h(275): warning C4018: <: несоответствие типов со знаком и без знака
c:\users\тимофей\desktop\бамонка\5 семестр\методы вычислений\мет вычи лабы\лаба 4\lab4\lab4\matr.h(279): warning C4018: <: несоответствие типов со знаком и без знака
c:\users\тимофей\desktop\бамонка\5 семестр\методы вычислений\мет вычи лабы\лаба 4\lab4\lab4\matr.h(280): warning C4018: <: несоответствие типов со знаком и без знака
c:\users\тимофей\desktop\бамонка\5 семестр\методы вычислений\мет вычи лабы\лаба 4\lab4\lab4\matr.h(291): warning C4018: <: несоответствие типов со знаком и без знака
c:\users\тимофей\desktop\бамонка\5 семестр\методы вычислений\мет вычи лабы\лаба 4\lab4\lab4\matr.h(293): warning C4018: <: несоответствие типов со знаком и без знака
c:\users\тимофей\desktop\бамонка\5 семестр\методы вычислений\мет вычи лабы\лаба 4\lab4\lab4\matr.h(307): warning C4018: <: несоответствие типов со знаком и без знака
c:\users\тимофей\desktop\бамонка\5 семестр\методы вычислений\мет вычи лабы\лаба 4\lab4\lab4\matr.h(323): warning C4018: <: несоответствие типов со знаком и без знака
c:\users\тимофей\desktop\бамонка\5 семестр\методы вычислений\мет вычи лабы\лаба 4\lab4\lab4\matr.h(332): warning C4018: <: несоответствие типов со знаком и без знака
c:\users\тимофей\desktop\бамонка\5 семестр\методы вычислений\мет вычи лабы\лаба 4\lab4\lab4\matr.h(350): warning C4018: <: несоответствие типов со знаком и без знака
c:\users\тимофей\desktop\бамонка\5 семестр\методы вычислений\мет вычи лабы\лаба 4\lab4\lab4\matr.h(370): warning C4018: <: несоответствие типов со знаком и без знака
c:\users\тимофей\desktop\бамонка\5 семестр\методы вычислений\мет вычи лабы\лаба 4\lab4\lab4\matr.h(373): warning C4018: <: несоответствие типов со знаком и без знака
c:\users\тимофей\desktop\бамонка\5 семестр\методы вычислений\мет вычи лабы\лаба 4\lab4\lab4\matr.h(379): warning C4018: <: несоответствие типов со знаком и без знака
c:\users\тимофей\desktop\бамонка\5 семестр\методы вычислений\мет вычи лабы\лаба 4\lab4\lab4\matr.h(385): warning C4018: <: несоответствие типов со знаком и без знака
c:\users\тимофей\desktop\бамонка\5 семестр\методы вычислений\мет вычи лабы\лаба 4\lab4\lab4\lab4.cpp(36): warning C4018: <: несоответствие типов со знаком и без знака
c:\users\тимофей\desktop\бамонка\5 семестр\методы вычислений\мет вычи лабы\лаба 4\lab4\lab4\lab4.cpp(42): warning C4018: <: несоответствие типов со знаком и без знака
c:\users\тимофей\desktop\бамонка\5 семестр\методы вычислений\мет вычи лабы\лаба 4\lab4\lab4\lab4.cpp(44): warning C4018: <: несоответствие типов со знаком и без знака
c:\users\тимофей\desktop\бамонка\5 семестр\методы вычислений\мет вычи лабы\лаба 4\lab4\lab4\lab4.cpp(68): warning C4018: <: несоответствие типов со знаком и без знака
c:\users\тимофей\desktop\бамонка\5 семестр\методы вычислений\мет вычи лабы\лаба 4\lab4\lab4\lab4.cpp(76): warning C4018: <: несоответствие типов со знаком и без знака
c:\users\тимофей\desktop\бамонка\5 семестр\методы вычислений\мет вычи лабы\лаба 4\lab4\lab4\lab4.cpp(82): warning C4018: <: несоответствие типов со знаком и без знака
c:\users\тимофей\desktop\бамонка\5 семестр\методы вычислений\мет вычи лабы\лаба 4\lab4\lab4\lab4.cpp(144): warning C4018: <: несоответствие типов со знаком и без знака
c:\users\тимофей\desktop\бамонка\5 семестр\методы вычислений\мет вычи лабы\лаба 4\lab4\lab4\lab4.cpp(147): warning C4018: <: несоответствие типов со знаком и без знака
c:\users\тимофей\desktop\бамонка\5 семестр\методы вычислений\мет вычи лабы\лаба 4\lab4\lab4\lab4.cpp(153): warning C4018: <: несоответствие типов со знаком и без знака
c:\users\тимофей\desktop\бамонка\5 семестр\методы вычислений\мет вычи лабы\лаба 4\lab4\lab4\lab4.cpp(159): warning C4018: <: несоответствие типов со знаком и без знака
c:\users\тимофей\desktop\бамонка\5 семестр\методы вычислений\мет вычи лабы\лаба 4\lab4\lab4\matr.h(94): warning C4715: norm: значение возвращается не при всех путях выполнения
c:\users\тимофей\desktop\бамонка\5 семестр\методы вычислений\мет вычи лабы\лаба 4\lab4\lab4\matr.h(61): warning C4715: norm: значение возвращается не при всех путях выполнения
  lab4.vcxproj -> C:\Users\тимофей\Desktop\Бамонка\5 семестр\Методы вычислений\Мет Вычи лабы\лаба 4\lab4\Debug\lab4.exe
  lab4.vcxproj -> C:\Users\тимофей\Desktop\Бамонка\5 семестр\Методы вычислений\Мет Вычи лабы\лаба 4\lab4\Debug\lab4.pdb (Partial PDB)
