  Source.cpp
c:\users\тимофей\desktop\bmstu\7 семестр\параллельное программирование\1\str\проект1\проект1\Matr.h(16): warning C4018: <: несоответствие типов со знаком и без знака
c:\users\тимофей\desktop\bmstu\7 семестр\параллельное программирование\1\str\проект1\проект1\Matr.h(19): warning C4018: <: несоответствие типов со знаком и без знака
c:\users\тимофей\desktop\bmstu\7 семестр\параллельное программирование\1\str\проект1\проект1\Matr.h(30): warning C4018: <: несоответствие типов со знаком и без знака
c:\users\тимофей\desktop\bmstu\7 семестр\параллельное программирование\1\str\проект1\проект1\Matr.h(33): warning C4018: <: несоответствие типов со знаком и без знака
c:\users\тимофей\desktop\bmstu\7 семестр\параллельное программирование\1\str\проект1\проект1\Matr.h(45): warning C4018: <: несоответствие типов со знаком и без знака
c:\users\тимофей\desktop\bmstu\7 семестр\параллельное программирование\1\str\проект1\проект1\Matr.h(47): warning C4018: <: несоответствие типов со знаком и без знака
c:\users\тимофей\desktop\bmstu\7 семестр\параллельное программирование\1\str\проект1\проект1\Matr.h(59): warning C4018: <: несоответствие типов со знаком и без знака
c:\users\тимофей\desktop\bmstu\7 семестр\параллельное программирование\1\str\проект1\проект1\Matr.h(61): warning C4018: <: несоответствие типов со знаком и без знака
c:\users\тимофей\desktop\bmstu\7 семестр\параллельное программирование\1\str\проект1\проект1\Matr.h(77): warning C4018: <: несоответствие типов со знаком и без знака
c:\users\тимофей\desktop\bmstu\7 семестр\параллельное программирование\1\str\проект1\проект1\Matr.h(86): warning C4018: <: несоответствие типов со знаком и без знака
c:\users\тимофей\desktop\bmstu\7 семестр\параллельное программирование\1\str\проект1\проект1\Matr.h(96): warning C4018: <: несоответствие типов со знаком и без знака
c:\users\тимофей\desktop\bmstu\7 семестр\параллельное программирование\1\str\проект1\проект1\Matr.h(109): warning C4018: <: несоответствие типов со знаком и без знака
c:\users\тимофей\desktop\bmstu\7 семестр\параллельное программирование\1\str\проект1\проект1\Matr.h(111): warning C4018: <: несоответствие типов со знаком и без знака
c:\users\тимофей\desktop\bmstu\7 семестр\параллельное программирование\1\str\проект1\проект1\Matr.h(124): warning C4018: <: несоответствие типов со знаком и без знака
c:\users\тимофей\desktop\bmstu\7 семестр\параллельное программирование\1\str\проект1\проект1\Matr.h(127): warning C4018: <: несоответствие типов со знаком и без знака
c:\users\тимофей\desktop\bmstu\7 семестр\параллельное программирование\1\str\проект1\проект1\Matr.h(137): warning C4018: <: несоответствие типов со знаком и без знака
c:\users\тимофей\desktop\bmstu\7 семестр\параллельное программирование\1\str\проект1\проект1\Matr.h(139): warning C4018: <: несоответствие типов со знаком и без знака
c:\users\тимофей\desktop\bmstu\7 семестр\параллельное программирование\1\str\проект1\проект1\Matr.h(148): warning C4018: <: несоответствие типов со знаком и без знака
c:\users\тимофей\desktop\bmstu\7 семестр\параллельное программирование\1\str\проект1\проект1\Matr.h(158): warning C4018: <: несоответствие типов со знаком и без знака
c:\users\тимофей\desktop\bmstu\7 семестр\параллельное программирование\1\str\проект1\проект1\Matr.h(161): warning C4018: <: несоответствие типов со знаком и без знака
c:\users\тимофей\desktop\bmstu\7 семестр\параллельное программирование\1\str\проект1\проект1\Matr.h(173): warning C4018: <: несоответствие типов со знаком и без знака
c:\users\тимофей\desktop\bmstu\7 семестр\параллельное программирование\1\str\проект1\проект1\Matr.h(175): warning C4018: <: несоответствие типов со знаком и без знака
Source.cpp(30): warning C4101: t: неиспользованная локальная переменная
  Создание кода
  8 of 24 functions (33.3%) were compiled, the rest were copied from previous compilation.
    2 functions were new in current compilation
    0 functions had inline decision re-evaluated but remain unchanged
  Создание кода завершено
  Проект1.vcxproj -> C:\Users\тимофей\Desktop\BMSTU\7 семестр\Параллельное программирование\1\str\Проект1\Release\Проект1.exe
