  Source.cpp
c:\users\тимофей\desktop\бамонка\5 семестр\методы вычислений\мет вычи лабы\лаба 1\проект1\проект1\source.cpp(42): warning C4018: <: несоответствие типов со знаком и без знака
c:\users\тимофей\desktop\бамонка\5 семестр\методы вычислений\мет вычи лабы\лаба 1\проект1\проект1\source.cpp(51): warning C4018: <: несоответствие типов со знаком и без знака
c:\users\тимофей\desktop\бамонка\5 семестр\методы вычислений\мет вычи лабы\лаба 1\проект1\проект1\source.cpp(57): warning C4018: <: несоответствие типов со знаком и без знака
c:\users\тимофей\desktop\бамонка\5 семестр\методы вычислений\мет вычи лабы\лаба 1\проект1\проект1\source.cpp(59): warning C4018: <: несоответствие типов со знаком и без знака
c:\users\тимофей\desktop\бамонка\5 семестр\методы вычислений\мет вычи лабы\лаба 1\проект1\проект1\source.cpp(98): warning C4018: <: несоответствие типов со знаком и без знака
c:\users\тимофей\desktop\бамонка\5 семестр\методы вычислений\мет вычи лабы\лаба 1\проект1\проект1\source.cpp(111): warning C4018: <: несоответствие типов со знаком и без знака
c:\users\тимофей\desktop\бамонка\5 семестр\методы вычислений\мет вычи лабы\лаба 1\проект1\проект1\source.cpp(153): warning C4018: <: несоответствие типов со знаком и без знака
c:\users\тимофей\desktop\бамонка\5 семестр\методы вычислений\мет вычи лабы\лаба 1\проект1\проект1\source.cpp(157): warning C4018: <: несоответствие типов со знаком и без знака
c:\users\тимофей\desktop\бамонка\5 семестр\методы вычислений\мет вычи лабы\лаба 1\проект1\проект1\source.cpp(175): warning C4018: <: несоответствие типов со знаком и без знака
c:\users\тимофей\desktop\бамонка\5 семестр\методы вычислений\мет вычи лабы\лаба 1\проект1\проект1\source.cpp(184): warning C4018: <: несоответствие типов со знаком и без знака
c:\users\тимофей\desktop\бамонка\5 семестр\методы вычислений\мет вычи лабы\лаба 1\проект1\проект1\source.cpp(189): warning C4018: <: несоответствие типов со знаком и без знака
c:\users\тимофей\desktop\бамонка\5 семестр\методы вычислений\мет вычи лабы\лаба 1\проект1\проект1\source.cpp(195): warning C4018: <: несоответствие типов со знаком и без знака
c:\users\тимофей\desktop\бамонка\5 семестр\методы вычислений\мет вычи лабы\лаба 1\проект1\проект1\source.cpp(202): warning C4018: <: несоответствие типов со знаком и без знака
c:\users\тимофей\desktop\бамонка\5 семестр\методы вычислений\мет вычи лабы\лаба 1\проект1\проект1\source.cpp(216): warning C4018: <: несоответствие типов со знаком и без знака
c:\users\тимофей\desktop\бамонка\5 семестр\методы вычислений\мет вычи лабы\лаба 1\проект1\проект1\source.cpp(218): warning C4018: <: несоответствие типов со знаком и без знака
c:\users\тимофей\desktop\бамонка\5 семестр\методы вычислений\мет вычи лабы\лаба 1\проект1\проект1\source.cpp(230): warning C4018: <: несоответствие типов со знаком и без знака
c:\users\тимофей\desktop\бамонка\5 семестр\методы вычислений\мет вычи лабы\лаба 1\проект1\проект1\source.cpp(232): warning C4018: <: несоответствие типов со знаком и без знака
c:\users\тимофей\desktop\бамонка\5 семестр\методы вычислений\мет вычи лабы\лаба 1\проект1\проект1\source.cpp(244): warning C4018: <: несоответствие типов со знаком и без знака
c:\users\тимофей\desktop\бамонка\5 семестр\методы вычислений\мет вычи лабы\лаба 1\проект1\проект1\source.cpp(247): warning C4018: <: несоответствие типов со знаком и без знака
c:\users\тимофей\desktop\бамонка\5 семестр\методы вычислений\мет вычи лабы\лаба 1\проект1\проект1\source.cpp(256): warning C4018: <: несоответствие типов со знаком и без знака
c:\users\тимофей\desktop\бамонка\5 семестр\методы вычислений\мет вычи лабы\лаба 1\проект1\проект1\source.cpp(272): warning C4018: <: несоответствие типов со знаком и без знака
c:\users\тимофей\desktop\бамонка\5 семестр\методы вычислений\мет вычи лабы\лаба 1\проект1\проект1\source.cpp(281): warning C4018: <: несоответствие типов со знаком и без знака
c:\users\тимофей\desktop\бамонка\5 семестр\методы вычислений\мет вычи лабы\лаба 1\проект1\проект1\source.cpp(299): warning C4018: <: несоответствие типов со знаком и без знака
c:\users\тимофей\desktop\бамонка\5 семестр\методы вычислений\мет вычи лабы\лаба 1\проект1\проект1\source.cpp(317): warning C4018: <: несоответствие типов со знаком и без знака
c:\users\тимофей\desktop\бамонка\5 семестр\методы вычислений\мет вычи лабы\лаба 1\проект1\проект1\source.cpp(320): warning C4018: <: несоответствие типов со знаком и без знака
c:\users\тимофей\desktop\бамонка\5 семестр\методы вычислений\мет вычи лабы\лаба 1\проект1\проект1\source.cpp(337): warning C4018: <: несоответствие типов со знаком и без знака
c:\users\тимофей\desktop\бамонка\5 семестр\методы вычислений\мет вычи лабы\лаба 1\проект1\проект1\source.cpp(339): warning C4018: <: несоответствие типов со знаком и без знака
c:\users\тимофей\desktop\бамонка\5 семестр\методы вычислений\мет вычи лабы\лаба 1\проект1\проект1\source.cpp(350): warning C4018: <: несоответствие типов со знаком и без знака
c:\users\тимофей\desktop\бамонка\5 семестр\методы вычислений\мет вычи лабы\лаба 1\проект1\проект1\source.cpp(352): warning C4018: <: несоответствие типов со знаком и без знака
c:\users\тимофей\desktop\бамонка\5 семестр\методы вычислений\мет вычи лабы\лаба 1\проект1\проект1\source.cpp(361): warning C4018: <: несоответствие типов со знаком и без знака
c:\users\тимофей\desktop\бамонка\5 семестр\методы вычислений\мет вычи лабы\лаба 1\проект1\проект1\source.cpp(371): warning C4018: <: несоответствие типов со знаком и без знака
c:\users\тимофей\desktop\бамонка\5 семестр\методы вычислений\мет вычи лабы\лаба 1\проект1\проект1\source.cpp(374): warning C4018: <: несоответствие типов со знаком и без знака
c:\users\тимофей\desktop\бамонка\5 семестр\методы вычислений\мет вычи лабы\лаба 1\проект1\проект1\source.cpp(388): warning C4018: <: несоответствие типов со знаком и без знака
c:\users\тимофей\desktop\бамонка\5 семестр\методы вычислений\мет вычи лабы\лаба 1\проект1\проект1\source.cpp(393): warning C4018: <: несоответствие типов со знаком и без знака
c:\users\тимофей\desktop\бамонка\5 семестр\методы вычислений\мет вычи лабы\лаба 1\проект1\проект1\source.cpp(394): warning C4018: <: несоответствие типов со знаком и без знака
c:\users\тимофей\desktop\бамонка\5 семестр\методы вычислений\мет вычи лабы\лаба 1\проект1\проект1\source.cpp(396): warning C4018: <: несоответствие типов со знаком и без знака
c:\users\тимофей\desktop\бамонка\5 семестр\методы вычислений\мет вычи лабы\лаба 1\проект1\проект1\source.cpp(405): warning C4018: <: несоответствие типов со знаком и без знака
c:\users\тимофей\desktop\бамонка\5 семестр\методы вычислений\мет вычи лабы\лаба 1\проект1\проект1\source.cpp(418): warning C4018: <: несоответствие типов со знаком и без знака
c:\users\тимофей\desktop\бамонка\5 семестр\методы вычислений\мет вычи лабы\лаба 1\проект1\проект1\source.cpp(421): warning C4018: <: несоответствие типов со знаком и без знака
c:\users\тимофей\desktop\бамонка\5 семестр\методы вычислений\мет вычи лабы\лаба 1\проект1\проект1\source.cpp(432): warning C4018: <: несоответствие типов со знаком и без знака
c:\users\тимофей\desktop\бамонка\5 семестр\методы вычислений\мет вычи лабы\лаба 1\проект1\проект1\source.cpp(435): warning C4018: <: несоответствие типов со знаком и без знака
c:\users\тимофей\desktop\бамонка\5 семестр\методы вычислений\мет вычи лабы\лаба 1\проект1\проект1\source.cpp(447): warning C4018: <: несоответствие типов со знаком и без знака
c:\users\тимофей\desktop\бамонка\5 семестр\методы вычислений\мет вычи лабы\лаба 1\проект1\проект1\source.cpp(449): warning C4018: <: несоответствие типов со знаком и без знака
c:\users\тимофей\desktop\бамонка\5 семестр\методы вычислений\мет вычи лабы\лаба 1\проект1\проект1\source.cpp(461): warning C4018: <: несоответствие типов со знаком и без знака
c:\users\тимофей\desktop\бамонка\5 семестр\методы вычислений\мет вычи лабы\лаба 1\проект1\проект1\source.cpp(463): warning C4018: <: несоответствие типов со знаком и без знака
c:\users\тимофей\desktop\бамонка\5 семестр\методы вычислений\мет вычи лабы\лаба 1\проект1\проект1\source.cpp(478): warning C4018: <: несоответствие типов со знаком и без знака
c:\users\тимофей\desktop\бамонка\5 семестр\методы вычислений\мет вычи лабы\лаба 1\проект1\проект1\source.cpp(487): warning C4018: <: несоответствие типов со знаком и без знака
c:\users\тимофей\desktop\бамонка\5 семестр\методы вычислений\мет вычи лабы\лаба 1\проект1\проект1\source.cpp(497): warning C4018: <: несоответствие типов со знаком и без знака
c:\users\тимофей\desktop\бамонка\5 семестр\методы вычислений\мет вычи лабы\лаба 1\проект1\проект1\source.cpp(515): warning C4018: <: несоответствие типов со знаком и без знака
c:\users\тимофей\desktop\бамонка\5 семестр\методы вычислений\мет вычи лабы\лаба 1\проект1\проект1\source.cpp(523): warning C4018: <: несоответствие типов со знаком и без знака
c:\users\тимофей\desktop\бамонка\5 семестр\методы вычислений\мет вычи лабы\лаба 1\проект1\проект1\source.cpp(548): warning C4018: <: несоответствие типов со знаком и без знака
c:\users\тимофей\desktop\бамонка\5 семестр\методы вычислений\мет вычи лабы\лаба 1\проект1\проект1\source.cpp(550): warning C4018: <: несоответствие типов со знаком и без знака
c:\users\тимофей\desktop\бамонка\5 семестр\методы вычислений\мет вычи лабы\лаба 1\проект1\проект1\source.cpp(563): warning C4018: <: несоответствие типов со знаком и без знака
c:\users\тимофей\desktop\бамонка\5 семестр\методы вычислений\мет вычи лабы\лаба 1\проект1\проект1\source.cpp(588): warning C4018: <: несоответствие типов со знаком и без знака
c:\users\тимофей\desktop\бамонка\5 семестр\методы вычислений\мет вычи лабы\лаба 1\проект1\проект1\source.cpp(598): warning C4018: <: несоответствие типов со знаком и без знака
c:\users\тимофей\desktop\бамонка\5 семестр\методы вычислений\мет вычи лабы\лаба 1\проект1\проект1\source.cpp(600): warning C4018: <: несоответствие типов со знаком и без знака
c:\users\тимофей\desktop\бамонка\5 семестр\методы вычислений\мет вычи лабы\лаба 1\проект1\проект1\source.cpp(614): warning C4018: <: несоответствие типов со знаком и без знака
c:\users\тимофей\desktop\бамонка\5 семестр\методы вычислений\мет вычи лабы\лаба 1\проект1\проект1\source.cpp(617): warning C4018: <: несоответствие типов со знаком и без знака
c:\users\тимофей\desktop\бамонка\5 семестр\методы вычислений\мет вычи лабы\лаба 1\проект1\проект1\source.cpp(623): warning C4018: <: несоответствие типов со знаком и без знака
c:\users\тимофей\desktop\бамонка\5 семестр\методы вычислений\мет вычи лабы\лаба 1\проект1\проект1\source.cpp(629): warning C4018: <: несоответствие типов со знаком и без знака
c:\users\тимофей\desktop\бамонка\5 семестр\методы вычислений\мет вычи лабы\лаба 1\проект1\проект1\source.cpp(645): warning C4018: <: несоответствие типов со знаком и без знака
c:\users\тимофей\desktop\бамонка\5 семестр\методы вычислений\мет вычи лабы\лаба 1\проект1\проект1\source.cpp(648): warning C4018: <: несоответствие типов со знаком и без знака
c:\users\тимофей\desktop\бамонка\5 семестр\методы вычислений\мет вычи лабы\лаба 1\проект1\проект1\source.cpp(470): warning C4715: norm: значение возвращается не при всех путях выполнения
c:\users\тимофей\desktop\бамонка\5 семестр\методы вычислений\мет вычи лабы\лаба 1\проект1\проект1\source.cpp(504): warning C4715: norm: значение возвращается не при всех путях выполнения
  Проект1.vcxproj -> C:\Users\тимофей\Desktop\Бамонка\5 семестр\Методы вычислений\Мет Вычи лабы\лаба 1\Проект1\Debug\Проект1.exe
  Проект1.vcxproj -> C:\Users\тимофей\Desktop\Бамонка\5 семестр\Методы вычислений\Мет Вычи лабы\лаба 1\Проект1\Debug\Проект1.pdb (Partial PDB)
