  Source1.cpp
c:\users\тимофей\desktop\bmstu\6 семестр\методы вычислений\лабы\лаба 1\program\проект1\проект1\source1.cpp(136): warning C4244: инициализация: преобразование "mytipe" в "int", возможна потеря данных
c:\users\тимофей\desktop\bmstu\6 семестр\методы вычислений\лабы\лаба 1\program\проект1\проект1\source1.cpp(182): warning C4018: <: несоответствие типов со знаком и без знака
c:\users\тимофей\desktop\bmstu\6 семестр\методы вычислений\лабы\лаба 1\program\проект1\проект1\source1.cpp(183): warning C4018: <: несоответствие типов со знаком и без знака
c:\users\тимофей\desktop\bmstu\6 семестр\методы вычислений\лабы\лаба 1\program\проект1\проект1\source1.cpp(451): warning C4018: <: несоответствие типов со знаком и без знака
c:\users\тимофей\desktop\bmstu\6 семестр\методы вычислений\лабы\лаба 1\program\проект1\проект1\source1.cpp(460): warning C4018: <: несоответствие типов со знаком и без знака
c:\users\тимофей\desktop\bmstu\6 семестр\методы вычислений\лабы\лаба 1\program\проект1\проект1\source1.cpp(469): warning C4018: <: несоответствие типов со знаком и без знака
c:\users\тимофей\desktop\bmstu\6 семестр\методы вычислений\лабы\лаба 1\program\проект1\проект1\source1.cpp(480): warning C4018: <: несоответствие типов со знаком и без знака
c:\users\тимофей\desktop\bmstu\6 семестр\методы вычислений\лабы\лаба 1\program\проект1\проект1\source1.cpp(482): warning C4018: <: несоответствие типов со знаком и без знака
c:\users\тимофей\desktop\bmstu\6 семестр\методы вычислений\лабы\лаба 1\program\проект1\проект1\source1.cpp(490): warning C4018: <: несоответствие типов со знаком и без знака
c:\users\тимофей\desktop\bmstu\6 семестр\методы вычислений\лабы\лаба 1\program\проект1\проект1\source1.cpp(497): warning C4018: <: несоответствие типов со знаком и без знака
c:\users\тимофей\desktop\bmstu\6 семестр\методы вычислений\лабы\лаба 1\program\проект1\проект1\source1.cpp(506): warning C4018: <: несоответствие типов со знаком и без знака
c:\users\тимофей\desktop\bmstu\6 семестр\методы вычислений\лабы\лаба 1\program\проект1\проект1\source1.cpp(514): warning C4018: <: несоответствие типов со знаком и без знака
c:\users\тимофей\desktop\bmstu\6 семестр\методы вычислений\лабы\лаба 1\program\проект1\проект1\source1.cpp(523): warning C4018: <: несоответствие типов со знаком и без знака
c:\users\тимофей\desktop\bmstu\6 семестр\методы вычислений\лабы\лаба 1\program\проект1\проект1\source1.cpp(525): warning C4018: <: несоответствие типов со знаком и без знака
c:\users\тимофей\desktop\bmstu\6 семестр\методы вычислений\лабы\лаба 1\program\проект1\проект1\source1.cpp(535): warning C4018: <: несоответствие типов со знаком и без знака
c:\users\тимофей\desktop\bmstu\6 семестр\методы вычислений\лабы\лаба 1\program\проект1\проект1\source1.cpp(537): warning C4018: <: несоответствие типов со знаком и без знака
c:\users\тимофей\desktop\bmstu\6 семестр\методы вычислений\лабы\лаба 1\program\проект1\проект1\source1.cpp(549): warning C4018: <: несоответствие типов со знаком и без знака
c:\users\тимофей\desktop\bmstu\6 семестр\методы вычислений\лабы\лаба 1\program\проект1\проект1\source1.cpp(552): warning C4018: <: несоответствие типов со знаком и без знака
c:\users\тимофей\desktop\bmstu\6 семестр\методы вычислений\лабы\лаба 1\program\проект1\проект1\source1.cpp(559): warning C4244: инициализация: преобразование "mytipe" в "unsigned int", возможна потеря данных
c:\users\тимофей\desktop\bmstu\6 семестр\методы вычислений\лабы\лаба 1\program\проект1\проект1\source1.cpp(560): warning C4244: инициализация: преобразование "mytipe" в "unsigned int", возможна потеря данных
c:\users\тимофей\desktop\bmstu\6 семестр\методы вычислений\лабы\лаба 1\program\проект1\проект1\source1.cpp(561): warning C4244: аргумент: преобразование "mytipe" в "const unsigned int", возможна потеря данных
c:\users\тимофей\desktop\bmstu\6 семестр\методы вычислений\лабы\лаба 1\program\проект1\проект1\source1.cpp(562): warning C4244: аргумент: преобразование "mytipe" в "const unsigned int", возможна потеря данных
c:\users\тимофей\desktop\bmstu\6 семестр\методы вычислений\лабы\лаба 1\program\проект1\проект1\source1.cpp(563): warning C4244: аргумент: преобразование "mytipe" в "const unsigned int", возможна потеря данных
c:\users\тимофей\desktop\bmstu\6 семестр\методы вычислений\лабы\лаба 1\program\проект1\проект1\source1.cpp(567): warning C4244: аргумент: преобразование "mytipe" в "const unsigned int", возможна потеря данных
c:\users\тимофей\desktop\bmstu\6 семестр\методы вычислений\лабы\лаба 1\program\проект1\проект1\source1.cpp(568): warning C4244: аргумент: преобразование "mytipe" в "const unsigned int", возможна потеря данных
c:\users\тимофей\desktop\bmstu\6 семестр\методы вычислений\лабы\лаба 1\program\проект1\проект1\source1.cpp(570): warning C4244: аргумент: преобразование "mytipe" в "const unsigned int", возможна потеря данных
c:\users\тимофей\desktop\bmstu\6 семестр\методы вычислений\лабы\лаба 1\program\проект1\проект1\source1.cpp(583): warning C4018: <: несоответствие типов со знаком и без знака
c:\users\тимофей\desktop\bmstu\6 семестр\методы вычислений\лабы\лаба 1\program\проект1\проект1\source1.cpp(586): warning C4018: <: несоответствие типов со знаком и без знака
c:\users\тимофей\desktop\bmstu\6 семестр\методы вычислений\лабы\лаба 1\program\проект1\проект1\source1.cpp(592): warning C4018: <: несоответствие типов со знаком и без знака
c:\users\тимофей\desktop\bmstu\6 семестр\методы вычислений\лабы\лаба 1\program\проект1\проект1\source1.cpp(598): warning C4018: <: несоответствие типов со знаком и без знака
c:\users\тимофей\desktop\bmstu\6 семестр\методы вычислений\лабы\лаба 1\program\проект1\проект1\source1.cpp(615): warning C4018: <: несоответствие типов со знаком и без знака
c:\users\тимофей\desktop\bmstu\6 семестр\методы вычислений\лабы\лаба 1\program\проект1\проект1\source1.cpp(617): warning C4018: <: несоответствие типов со знаком и без знака
c:\users\тимофей\desktop\bmstu\6 семестр\методы вычислений\лабы\лаба 1\program\проект1\проект1\source1.cpp(630): warning C4018: <: несоответствие типов со знаком и без знака
c:\users\тимофей\desktop\bmstu\6 семестр\методы вычислений\лабы\лаба 1\program\проект1\проект1\source1.cpp(633): warning C4018: <: несоответствие типов со знаком и без знака
c:\users\тимофей\desktop\bmstu\6 семестр\методы вычислений\лабы\лаба 1\program\проект1\проект1\source1.cpp(645): warning C4018: <: несоответствие типов со знаком и без знака
c:\users\тимофей\desktop\bmstu\6 семестр\методы вычислений\лабы\лаба 1\program\проект1\проект1\source1.cpp(648): warning C4018: <: несоответствие типов со знаком и без знака
c:\users\тимофей\desktop\bmstu\6 семестр\методы вычислений\лабы\лаба 1\program\проект1\проект1\source1.cpp(661): warning C4018: <: несоответствие типов со знаком и без знака
c:\users\тимофей\desktop\bmstu\6 семестр\методы вычислений\лабы\лаба 1\program\проект1\проект1\source1.cpp(476): warning C4715: norm: значение возвращается не при всех путях выполнения
  Проект1.vcxproj -> C:\Users\тимофей\Desktop\BMSTU\6 семестр\Методы вычислений\Лабы\лаба 1\program\Проект1\Debug\Проект1.exe
  Проект1.vcxproj -> C:\Users\тимофей\Desktop\BMSTU\6 семестр\Методы вычислений\Лабы\лаба 1\program\Проект1\Debug\Проект1.pdb (Partial PDB)
