\BOOKMARK [1][-]{section*.1}{\376\377\004\042\004\065\004\101\004\102\004\076\004\062\004\113\004\065\000\040\004\077\004\100\004\070\004\074\004\065\004\100\004\113\000,\000\040\004\064\004\065\004\074\004\076\004\075\004\101\004\102\004\100\004\070\004\100\004\103\004\116\004\111\004\070\004\065\000\040\004\100\004\060\004\061\004\076\004\102\004\076\004\101\004\077\004\076\004\101\004\076\004\061\004\075\004\076\004\101\004\102\004\114\000\040\004\077\004\100\004\076\004\063\004\100\004\060\004\074\004\074\004\113\000.}{}% 1
\BOOKMARK [1][-]{section*.2}{\376\377\004\034\004\065\004\102\004\076\004\064\000\040\004\024\004\044\004\037\000.}{}% 2
\BOOKMARK [2][-]{section*.3}{\376\377\004\044\004\103\004\075\004\072\004\106\004\070\004\117\000\040\004\040\004\076\004\067\004\065\004\075\004\061\004\100\004\076\004\072\004\060\000\040\004\077\004\100\004\070\000\040\000=\0001\000.}{section*.2}% 3
\BOOKMARK [3][-]{section*.4}{\376\377\004\021\004\065\004\067\000\040\004\100\004\065\004\101\004\102\004\100\004\060\004\102\004\076\004\062\000:}{section*.3}% 4
\BOOKMARK [3][-]{section*.5}{\376\377\004\041\000\040\004\100\004\065\004\101\004\102\004\060\004\100\004\102\004\060\004\074\004\070\000:}{section*.3}% 5
\BOOKMARK [2][-]{section*.6}{\376\377\004\044\004\103\004\075\004\072\004\106\004\070\004\117\000\040\004\040\004\076\004\067\004\065\004\075\004\061\004\100\004\076\004\072\004\060\000\040\004\077\004\100\004\070\000\040\000=\0005\0000\000.}{section*.2}% 6
\BOOKMARK [3][-]{section*.7}{\376\377\004\021\004\065\004\067\000\040\004\100\004\065\004\101\004\102\004\100\004\060\004\102\004\076\004\062\000:}{section*.6}% 7
\BOOKMARK [3][-]{section*.8}{\376\377\004\041\000\040\004\100\004\065\004\101\004\102\004\060\004\100\004\102\004\060\004\074\004\070\000:}{section*.6}% 8
\BOOKMARK [2][-]{section*.9}{\376\377\004\044\004\103\004\075\004\072\004\106\004\070\004\117\000\040\004\040\004\076\004\067\004\065\004\075\004\061\004\100\004\076\004\072\004\060\000\040\004\077\004\100\004\070\000\040\000=\0001\0000\0000\0000\000.}{section*.2}% 9
\BOOKMARK [3][-]{section*.10}{\376\377\004\021\004\065\004\067\000\040\004\100\004\065\004\101\004\102\004\100\004\060\004\102\004\076\004\062\000:}{section*.9}% 10
\BOOKMARK [3][-]{section*.11}{\376\377\004\041\000\040\004\100\004\065\004\101\004\102\004\060\004\100\004\102\004\060\004\074\004\070\000:}{section*.9}% 11
\BOOKMARK [1][-]{section*.12}{\376\377\004\034\004\065\004\102\004\076\004\064\000\040\004\024\004\037\004\023\004\050\000.}{}% 12
\BOOKMARK [2][-]{section*.13}{\376\377\004\044\004\103\004\075\004\072\004\106\004\070\004\117\000\040\004\040\004\076\004\067\004\065\004\075\004\061\004\100\004\076\004\072\004\060\000\040\004\077\004\100\004\070\000\040\000=\0001\000.}{section*.12}% 13
\BOOKMARK [3][-]{section*.14}{\376\377\004\021\004\065\004\067\000\040\004\100\004\065\004\101\004\102\004\100\004\060\004\102\004\076\004\062\000:}{section*.13}% 14
\BOOKMARK [3][-]{section*.15}{\376\377\004\041\000\040\004\100\004\065\004\101\004\102\004\060\004\100\004\102\004\060\004\074\004\070\000:}{section*.13}% 15
\BOOKMARK [2][-]{section*.16}{\376\377\004\044\004\103\004\075\004\072\004\106\004\070\004\117\000\040\004\040\004\076\004\067\004\065\004\075\004\061\004\100\004\076\004\072\004\060\000\040\004\077\004\100\004\070\000\040\000=\0005\0000\000.}{section*.12}% 16
\BOOKMARK [3][-]{section*.17}{\376\377\004\021\004\065\004\067\000\040\004\100\004\065\004\101\004\102\004\100\004\060\004\102\004\076\004\062\000:}{section*.16}% 17
\BOOKMARK [3][-]{section*.18}{\376\377\004\041\000\040\004\100\004\065\004\101\004\102\004\060\004\100\004\102\004\060\004\074\004\070\000:}{section*.16}% 18
\BOOKMARK [2][-]{section*.19}{\376\377\004\044\004\103\004\075\004\072\004\106\004\070\004\117\000\040\004\040\004\076\004\067\004\065\004\075\004\061\004\100\004\076\004\072\004\060\000\040\004\077\004\100\004\070\000\040\000=\0001\0000\0000\0000\000.}{section*.12}% 19
\BOOKMARK [3][-]{section*.20}{\376\377\004\021\004\065\004\067\000\040\004\100\004\065\004\101\004\102\004\100\004\060\004\102\004\076\004\062\000:}{section*.19}% 20
\BOOKMARK [3][-]{section*.21}{\376\377\004\041\000\040\004\100\004\065\004\101\004\102\004\060\004\100\004\102\004\060\004\074\004\070\000:}{section*.19}% 21
\BOOKMARK [1][-]{section*.22}{\376\377\004\034\004\065\004\102\004\076\004\064\000\040\004\037\004\060\004\103\004\115\004\073\004\073\004\060\000.}{}% 22
\BOOKMARK [2][-]{section*.23}{\376\377\004\044\004\103\004\075\004\072\004\106\004\070\004\117\000\040\004\040\004\076\004\067\004\065\004\075\004\061\004\100\004\076\004\072\004\060\000\040\004\077\004\100\004\070\000\040\000=\0001\000.}{section*.22}% 23
\BOOKMARK [3][-]{section*.24}{\376\377\004\021\004\065\004\067\000\040\004\100\004\065\004\101\004\102\004\100\004\060\004\102\004\076\004\062\000:}{section*.23}% 24
\BOOKMARK [3][-]{section*.25}{\376\377\004\041\000\040\004\100\004\065\004\101\004\102\004\060\004\100\004\102\004\060\004\074\004\070\000:}{section*.23}% 25
\BOOKMARK [2][-]{section*.26}{\376\377\004\044\004\103\004\075\004\072\004\106\004\070\004\117\000\040\004\040\004\076\004\067\004\065\004\075\004\061\004\100\004\076\004\072\004\060\000\040\004\077\004\100\004\070\000\040\000=\0005\0000\000.}{section*.22}% 26
\BOOKMARK [3][-]{section*.27}{\376\377\004\021\004\065\004\067\000\040\004\100\004\065\004\101\004\102\004\100\004\060\004\102\004\076\004\062\000:}{section*.26}% 27
\BOOKMARK [3][-]{section*.28}{\376\377\004\041\000\040\004\100\004\065\004\101\004\102\004\060\004\100\004\102\004\060\004\074\004\070\000:}{section*.26}% 28
\BOOKMARK [2][-]{section*.29}{\376\377\004\044\004\103\004\075\004\072\004\106\004\070\004\117\000\040\004\040\004\076\004\067\004\065\004\075\004\061\004\100\004\076\004\072\004\060\000\040\004\077\004\100\004\070\000\040\000=\0001\0000\0000\0000\000.}{section*.22}% 29
\BOOKMARK [3][-]{section*.30}{\376\377\004\021\004\065\004\067\000\040\004\100\004\065\004\101\004\102\004\100\004\060\004\102\004\076\004\062\000:}{section*.29}% 30
\BOOKMARK [3][-]{section*.31}{\376\377\004\041\000\040\004\100\004\065\004\101\004\102\004\060\004\100\004\102\004\060\004\074\004\070\000:}{section*.29}% 31
\BOOKMARK [1][-]{section*.32}{\376\377\004\034\004\065\004\102\004\076\004\064\000\040\004\034\004\060\004\072\000-\004\032\004\076\004\100\004\074\004\070\004\072\004\060\000.}{}% 32
\BOOKMARK [2][-]{section*.33}{\376\377\004\044\004\103\004\075\004\072\004\106\004\070\004\117\000\040\004\040\004\076\004\067\004\065\004\075\004\061\004\100\004\076\004\072\004\060\000\040\004\077\004\100\004\070\000\040\000=\0001\000.}{section*.32}% 33
\BOOKMARK [3][-]{section*.34}{\376\377\004\021\004\065\004\067\000\040\004\100\004\065\004\101\004\102\004\100\004\060\004\102\004\076\004\062\000:}{section*.33}% 34
\BOOKMARK [3][-]{section*.35}{\376\377\004\041\000\040\004\100\004\065\004\101\004\102\004\060\004\100\004\102\004\060\004\074\004\070\000:}{section*.33}% 35
\BOOKMARK [2][-]{section*.36}{\376\377\004\044\004\103\004\075\004\072\004\106\004\070\004\117\000\040\004\040\004\076\004\067\004\065\004\075\004\061\004\100\004\076\004\072\004\060\000\040\004\077\004\100\004\070\000\040\000=\0005\0000\000.}{section*.32}% 36
\BOOKMARK [3][-]{section*.37}{\376\377\004\041\000\040\004\100\004\065\004\101\004\102\004\060\004\100\004\102\004\060\004\074\004\070\000:}{section*.36}% 37
