  Source.cpp
c:\users\тимофей\desktop\бамонка\5 семестр\методы вычислений\мет вычи лабы\лаба 3\проект1\проект1\matr.h(15): warning C4018: <: несоответствие типов со знаком и без знака
c:\users\тимофей\desktop\бамонка\5 семестр\методы вычислений\мет вычи лабы\лаба 3\проект1\проект1\matr.h(18): warning C4018: <: несоответствие типов со знаком и без знака
c:\users\тимофей\desktop\бамонка\5 семестр\методы вычислений\мет вычи лабы\лаба 3\проект1\проект1\matr.h(29): warning C4018: <: несоответствие типов со знаком и без знака
c:\users\тимофей\desktop\бамонка\5 семестр\методы вычислений\мет вычи лабы\лаба 3\проект1\проект1\matr.h(32): warning C4018: <: несоответствие типов со знаком и без знака
c:\users\тимофей\desktop\бамонка\5 семестр\методы вычислений\мет вычи лабы\лаба 3\проект1\проект1\matr.h(44): warning C4018: <: несоответствие типов со знаком и без знака
c:\users\тимофей\desktop\бамонка\5 семестр\методы вычислений\мет вычи лабы\лаба 3\проект1\проект1\matr.h(46): warning C4018: <: несоответствие типов со знаком и без знака
c:\users\тимофей\desktop\бамонка\5 семестр\методы вычислений\мет вычи лабы\лаба 3\проект1\проект1\matr.h(58): warning C4018: <: несоответствие типов со знаком и без знака
c:\users\тимофей\desktop\бамонка\5 семестр\методы вычислений\мет вычи лабы\лаба 3\проект1\проект1\matr.h(60): warning C4018: <: несоответствие типов со знаком и без знака
c:\users\тимофей\desktop\бамонка\5 семестр\методы вычислений\мет вычи лабы\лаба 3\проект1\проект1\matr.h(75): warning C4018: <: несоответствие типов со знаком и без знака
c:\users\тимофей\desktop\бамонка\5 семестр\методы вычислений\мет вычи лабы\лаба 3\проект1\проект1\matr.h(84): warning C4018: <: несоответствие типов со знаком и без знака
c:\users\тимофей\desktop\бамонка\5 семестр\методы вычислений\мет вычи лабы\лаба 3\проект1\проект1\matr.h(93): warning C4018: <: несоответствие типов со знаком и без знака
c:\users\тимофей\desktop\бамонка\5 семестр\методы вычислений\мет вычи лабы\лаба 3\проект1\проект1\matr.h(105): warning C4018: <: несоответствие типов со знаком и без знака
c:\users\тимофей\desktop\бамонка\5 семестр\методы вычислений\мет вычи лабы\лаба 3\проект1\проект1\matr.h(106): warning C4018: <: несоответствие типов со знаком и без знака
c:\users\тимофей\desktop\бамонка\5 семестр\методы вычислений\мет вычи лабы\лаба 3\проект1\проект1\matr.h(117): warning C4018: <: несоответствие типов со знаком и без знака
c:\users\тимофей\desktop\бамонка\5 семестр\методы вычислений\мет вычи лабы\лаба 3\проект1\проект1\matr.h(119): warning C4018: <: несоответствие типов со знаком и без знака
c:\users\тимофей\desktop\бамонка\5 семестр\методы вычислений\мет вычи лабы\лаба 3\проект1\проект1\matr.h(131): warning C4018: <: несоответствие типов со знаком и без знака
c:\users\тимофей\desktop\бамонка\5 семестр\методы вычислений\мет вычи лабы\лаба 3\проект1\проект1\matr.h(134): warning C4018: <: несоответствие типов со знаком и без знака
c:\users\тимофей\desktop\бамонка\5 семестр\методы вычислений\мет вычи лабы\лаба 3\проект1\проект1\matr.h(148): warning C4018: <: несоответствие типов со знаком и без знака
c:\users\тимофей\desktop\бамонка\5 семестр\методы вычислений\мет вычи лабы\лаба 3\проект1\проект1\matr.h(151): warning C4018: <: несоответствие типов со знаком и без знака
c:\users\тимофей\desktop\бамонка\5 семестр\методы вычислений\мет вычи лабы\лаба 3\проект1\проект1\matr.h(168): warning C4018: <: несоответствие типов со знаком и без знака
c:\users\тимофей\desktop\бамонка\5 семестр\методы вычислений\мет вычи лабы\лаба 3\проект1\проект1\matr.h(170): warning C4018: <: несоответствие типов со знаком и без знака
c:\users\тимофей\desktop\бамонка\5 семестр\методы вычислений\мет вычи лабы\лаба 3\проект1\проект1\matr.h(179): warning C4018: <: несоответствие типов со знаком и без знака
c:\users\тимофей\desktop\бамонка\5 семестр\методы вычислений\мет вычи лабы\лаба 3\проект1\проект1\matr.h(188): warning C4018: <: несоответствие типов со знаком и без знака
c:\users\тимофей\desktop\бамонка\5 семестр\методы вычислений\мет вычи лабы\лаба 3\проект1\проект1\matr.h(191): warning C4018: <: несоответствие типов со знаком и без знака
c:\users\тимофей\desktop\бамонка\5 семестр\методы вычислений\мет вычи лабы\лаба 3\проект1\проект1\matr.h(205): warning C4018: <: несоответствие типов со знаком и без знака
c:\users\тимофей\desktop\бамонка\5 семестр\методы вычислений\мет вычи лабы\лаба 3\проект1\проект1\matr.h(210): warning C4018: <: несоответствие типов со знаком и без знака
c:\users\тимофей\desktop\бамонка\5 семестр\методы вычислений\мет вычи лабы\лаба 3\проект1\проект1\matr.h(211): warning C4018: <: несоответствие типов со знаком и без знака
c:\users\тимофей\desktop\бамонка\5 семестр\методы вычислений\мет вычи лабы\лаба 3\проект1\проект1\matr.h(213): warning C4018: <: несоответствие типов со знаком и без знака
c:\users\тимофей\desktop\бамонка\5 семестр\методы вычислений\мет вычи лабы\лаба 3\проект1\проект1\matr.h(222): warning C4018: <: несоответствие типов со знаком и без знака
c:\users\тимофей\desktop\бамонка\5 семестр\методы вычислений\мет вычи лабы\лаба 3\проект1\проект1\matr.h(230): warning C4018: <: несоответствие типов со знаком и без знака
c:\users\тимофей\desktop\бамонка\5 семестр\методы вычислений\мет вычи лабы\лаба 3\проект1\проект1\matr.h(231): warning C4018: <: несоответствие типов со знаком и без знака
c:\users\тимофей\desktop\бамонка\5 семестр\методы вычислений\мет вычи лабы\лаба 3\проект1\проект1\matr.h(233): warning C4018: <: несоответствие типов со знаком и без знака
c:\users\тимофей\desktop\бамонка\5 семестр\методы вычислений\мет вычи лабы\лаба 3\проект1\проект1\matr.h(242): warning C4018: <: несоответствие типов со знаком и без знака
c:\users\тимофей\desktop\бамонка\5 семестр\методы вычислений\мет вычи лабы\лаба 3\проект1\проект1\matr.h(244): warning C4018: <: несоответствие типов со знаком и без знака
c:\users\тимофей\desktop\бамонка\5 семестр\методы вычислений\мет вычи лабы\лаба 3\проект1\проект1\matr.h(252): warning C4018: <: несоответствие типов со знаком и без знака
c:\users\тимофей\desktop\бамонка\5 семестр\методы вычислений\мет вычи лабы\лаба 3\проект1\проект1\matr.h(253): warning C4018: <: несоответствие типов со знаком и без знака
c:\users\тимофей\desktop\бамонка\5 семестр\методы вычислений\мет вычи лабы\лаба 3\проект1\проект1\matr.h(261): warning C4018: <: несоответствие типов со знаком и без знака
c:\users\тимофей\desktop\бамонка\5 семестр\методы вычислений\мет вычи лабы\лаба 3\проект1\проект1\matr.h(268): warning C4018: <: несоответствие типов со знаком и без знака
c:\users\тимофей\desktop\бамонка\5 семестр\методы вычислений\мет вычи лабы\лаба 3\проект1\проект1\matr.h(275): warning C4018: <: несоответствие типов со знаком и без знака
c:\users\тимофей\desktop\бамонка\5 семестр\методы вычислений\мет вычи лабы\лаба 3\проект1\проект1\matr.h(276): warning C4018: <: несоответствие типов со знаком и без знака
c:\users\тимофей\desktop\бамонка\5 семестр\методы вычислений\мет вычи лабы\лаба 3\проект1\проект1\matr.h(286): warning C4018: <: несоответствие типов со знаком и без знака
c:\users\тимофей\desktop\бамонка\5 семестр\методы вычислений\мет вычи лабы\лаба 3\проект1\проект1\matr.h(288): warning C4018: <: несоответствие типов со знаком и без знака
c:\users\тимофей\desktop\бамонка\5 семестр\методы вычислений\мет вычи лабы\лаба 3\проект1\проект1\matr.h(301): warning C4018: <: несоответствие типов со знаком и без знака
c:\users\тимофей\desktop\бамонка\5 семестр\методы вычислений\мет вычи лабы\лаба 3\проект1\проект1\matr.h(304): warning C4018: <: несоответствие типов со знаком и без знака
c:\users\тимофей\desktop\бамонка\5 семестр\методы вычислений\мет вычи лабы\лаба 3\проект1\проект1\source.cpp(108): warning C4018: <: несоответствие типов со знаком и без знака
c:\users\тимофей\desktop\бамонка\5 семестр\методы вычислений\мет вычи лабы\лаба 3\проект1\проект1\source.cpp(109): warning C4018: <: несоответствие типов со знаком и без знака
c:\users\тимофей\desktop\бамонка\5 семестр\методы вычислений\мет вычи лабы\лаба 3\проект1\проект1\source.cpp(115): warning C4018: <: несоответствие типов со знаком и без знака
c:\users\тимофей\desktop\бамонка\5 семестр\методы вычислений\мет вычи лабы\лаба 3\проект1\проект1\source.cpp(119): warning C4018: <: несоответствие типов со знаком и без знака
c:\users\тимофей\desktop\бамонка\5 семестр\методы вычислений\мет вычи лабы\лаба 3\проект1\проект1\source.cpp(137): warning C4018: <: несоответствие типов со знаком и без знака
c:\users\тимофей\desktop\бамонка\5 семестр\методы вычислений\мет вычи лабы\лаба 3\проект1\проект1\source.cpp(140): warning C4018: <: несоответствие типов со знаком и без знака
c:\users\тимофей\desktop\бамонка\5 семестр\методы вычислений\мет вычи лабы\лаба 3\проект1\проект1\source.cpp(143): warning C4018: <: несоответствие типов со знаком и без знака
c:\users\тимофей\desktop\бамонка\5 семестр\методы вычислений\мет вычи лабы\лаба 3\проект1\проект1\source.cpp(145): warning C4018: <: несоответствие типов со знаком и без знака
c:\users\тимофей\desktop\бамонка\5 семестр\методы вычислений\мет вычи лабы\лаба 3\проект1\проект1\source.cpp(148): warning C4018: <: несоответствие типов со знаком и без знака
c:\users\тимофей\desktop\бамонка\5 семестр\методы вычислений\мет вычи лабы\лаба 3\проект1\проект1\source.cpp(153): warning C4018: <: несоответствие типов со знаком и без знака
c:\users\тимофей\desktop\бамонка\5 семестр\методы вычислений\мет вычи лабы\лаба 3\проект1\проект1\source.cpp(175): warning C4018: <=: несоответствие типов со знаком и без знака
c:\users\тимофей\desktop\бамонка\5 семестр\методы вычислений\мет вычи лабы\лаба 3\проект1\проект1\source.cpp(183): warning C4018: <=: несоответствие типов со знаком и без знака
c:\users\тимофей\desktop\бамонка\5 семестр\методы вычислений\мет вычи лабы\лаба 3\проект1\проект1\source.cpp(190): warning C4018: <: несоответствие типов со знаком и без знака
c:\users\тимофей\desktop\бамонка\5 семестр\методы вычислений\мет вычи лабы\лаба 3\проект1\проект1\matr.h(67): warning C4715: norm: значение возвращается не при всех путях выполнения
c:\users\тимофей\desktop\бамонка\5 семестр\методы вычислений\мет вычи лабы\лаба 3\проект1\проект1\matr.h(100): warning C4715: norm: значение возвращается не при всех путях выполнения
  Проект1.vcxproj -> C:\Users\тимофей\Desktop\Бамонка\5 семестр\Методы вычислений\Мет Вычи лабы\лаба 3\Проект1\Debug\Проект1.exe
  Проект1.vcxproj -> C:\Users\тимофей\Desktop\Бамонка\5 семестр\Методы вычислений\Мет Вычи лабы\лаба 3\Проект1\Debug\Проект1.pdb (Partial PDB)
